
ROM used:   86/8192 (1%)
            86/8192 (1%) including unused fragments

            0.1 Average locations per line
            10.8 Average locations per statement

RAM used:   13/368 (4%) at main() level
            13/368 (4%) worst case

Stack used: 1 worst case (0 in main + 1 for interrupts)
Stack size: 8

Lines Stmts  %   Files
----- ----- ---  -----
   25     8 100  10.1.c
  664     0   0  ..\..\..\..\Program Files (x86)\PICC\Devices\16F877.h
----- -----
  689     8 Total

Page ROM  %  RAM    Vol Diff  Functions:
---- --- --- ---    --- ----  ----------
0     10  12    0     27  1.5  ext_int
0     29  34    0     86  1.6  MAIN
 Inline         0     63  2.3  @cinit1

Program metrics:
    Functions               3
    Statements              8
    Comments                122
    Volume (V)              247
    Difficulty (D)          5.5
    Effort to implement (E) 1367
    Time to implement (T)   1 minutes
    Est Delivered Bugs (B)  0
    Cyclomatic Complexity   1
    Maintainability (MI)    110

 Segment     Used  Free
-----------  ----  ----
00000-00003     4  0  
00004-0002E    43  0  
0002F-007FF    39  1962  
00800-00FFF     0  2048  
01000-017FF     0  2048  
01800-01FFF     0  2048  



