
ROM used:   1497/8192 (18%)
            1497/8192 (18%) including unused fragments

            1.6 Average locations per line
            16.1 Average locations per statement

RAM used:   20/368 (5%) at main() level
            48/368 (13%) worst case

Stack used: 5 worst case (5 in main + 0 for interrupts)
Stack size: 8

Lines Stmts  %   Files
----- ----- ---  -----
   35    16  17  10.2.c
  696     0   0  ..\..\..\..\Program Files (x86)\PICC\Devices\16f877a.h
  211    77  83  ..\..\..\..\Program Files (x86)\PICC\Devices\i2c_LCD.c
----- -----
  942    93 Total

Page ROM  %  RAM    Vol Diff  Functions:
---- --- --- ---    --- ----  ----------
0     20   1    1    318  6.5  @delay_ms1
0     16   1    1     86  1.6  @I2C_WRITEU_129
0     80   5    3    574  5.9  i2c_send_nibble
0     30   2    3    149  2.8  lcd_send_byte
0     10   1    0     61  1.9  lcd_clear
0      8   1    0    902  5.8  @const700
0     76   5    5    902  5.8  lcd_init
0     55   4    7    681  8.0  lcd_gotoxy
0     37   2    1    310  5.9  LCD_PUTC
0    268  18    6    528  3.7  MAIN
0      5   0    0    412  4.7  @const716
0     88   6    4    496  8.2  @PSTRINGC7_710
0      7   0    0    503  9.7  @const721
0     31   2    2    134  2.1  @ITOF
0    117   8   13    172  1.7  @MULFF
0     89   6    5    172  1.7  @PSTRINGCN7_710
 Inline         5    224  6.7  @FTOSD
0     79   5   13    180  5.0  @DIV3232
0    226  15   13    172  1.7  @PRINTF_L32D_710FPFPF
0     36   2    0             @const737
0     89   6    5     63  2.3  @PSTRINGCN7_57600_62_63
0     91   6    9     40  1.1  @PRINTF_LU_57600_62_63
0     35   2    2    282  2.3  @PRINTF_X_57600_62_63
 Inline         0    733  6.6  @cinit1

Program metrics:
    Functions               23
    Statements              93
    Comments                220
    Volume (V)              14332
    Difficulty (D)          102.0
    Effort to implement (E) 1462430
    Time to implement (T)   22 hours, 34 minutes
    Est Delivered Bugs (B)  4
    Cyclomatic Complexity   44
    Maintainability (MI)    65

 Segment     Used  Free
-----------  ----  ----
00000-00003     4  0  
00004-007FF  1493  551  
00800-00FFF     0  2048  
01000-017FF     0  2048  
01800-01FFF     0  2048  



