
ROM used:   1008/8192 (12%)
            1008/8192 (12%) including unused fragments

            1.0 Average locations per line
            7.9 Average locations per statement

RAM used:   33/368 (9%) at main() level
            54/368 (15%) worst case

Stack used: 7 worst case (5 in main + 2 for interrupts)
Stack size: 8

Lines Stmts  %   Files
----- ----- ---  -----
  105    51  40  10.5.c
  664     0   0  ..\..\..\..\Program Files (x86)\PICC\Devices\16F877.h
  211    77  60  ..\..\..\..\Program Files (x86)\PICC\Devices\i2c_LCD.c
----- -----
  980   128 Total

Page ROM  %  RAM    Vol Diff  Functions:
---- --- --- ---    --- ----  ----------
0     20   2    1    496  8.2  @delay_ms1
0     16   2    1     27  1.5  @I2C_WRITEU_129
0    122  12    3    574  5.9  i2c_send_nibble
0     36   4    3    149  2.8  lcd_send_byte
0     16   2    0     61  1.9  lcd_clear
0      8   1    0    264  6.8  @const690
0    112  11    5    902  5.8  lcd_init
0     55   5    7    681  8.0  lcd_gotoxy
0     37   4    1    310  5.9  LCD_PUTC
 Inline         2     80  2.0  escribir_i2c
0     14   1    0    106  3.3  clock_isr
0     33   3    1     61  1.9  ext_int
0     40   4    0    172  1.7  port_rb
0     14   1    0    733  6.6  @const716
0     88   9    4    172  1.7  @PSTRINGC7_9600_62_63
0     14   1    0    733  6.6  @const721
0     14   1    0    172  1.7  @const722
0     14   1    0    224  6.7  @const723
0     21   2    3    180  5.0  @DIV88
0     36   4    3    127  3.7  mostrarContador
0    109  11    2    733  6.6  MAIN
0      8   1    0    733  6.6  @const733
0     88   9    4    733  6.6  @PSTRINGC7_700
 Inline         0    733  6.6  @cinit1

Program metrics:
    Functions               24
    Statements              128
    Comments                251
    Volume (V)              16075
    Difficulty (D)          115.3
    Effort to implement (E) 1853165
    Time to implement (T)   28 hours, 36 minutes
    Est Delivered Bugs (B)  5
    Cyclomatic Complexity   66
    Maintainability (MI)    62

 Segment     Used  Free
-----------  ----  ----
00000-00003     4  0  
00004-0005C    89  0  
0005D-007FF   915  1040  
00800-00FFF     0  2048  
01000-017FF     0  2048  
01800-01FFF     0  2048  



