MPASM  5.51                           EJ2.ASM   3-24-2023  15:45:24         PAGE  1


LOC  OBJECT CODE     LINE SOURCE TEXT
  VALUE

Warning[205]: Found directive in column 1. (processor)
Warning[215]: Processor superseded by command line.  Verify processor symbol.
                      00001 processor 16f877A
Warning[205]: Found directive in column 1. (include)
                      00002 include <p16f877a.inc>
                      00001         LIST
                      00002 
                      00003 ;==========================================================================
                      00004 ;  MPASM PIC16F877A processor include
                      00005 ; 
                      00006 ;  (c) Copyright 1999-2013 Microchip Technology, All rights reserved
                      00007 ;==========================================================================
                      00008 
Message[301]: MESSAGE: (Processor-header file mismatch.  Verify selected processor.)
                      00566         LIST
  00000021            00003 valor1 equ h'21'
  00000022            00004 valor2 equ h'22'
  00000023            00005 valor3 equ h'23'
  00000080            00006 cte1 equ 0x80
  00000050            00007 cte2 equ 50h
  00000060            00008 cte3 equ 60h
0000                  00009         ORG 0
0000   2805           00010         GOTO INICIO
0005                  00011         ORG 5
0005                  00012 INICIO:
0005   0185           00013         CLRF PORTA ; Limpia PORTA
0006   1683           00014         BSF STATUS,RP0 ; Cambia a banco 1
0007   1303           00015         BCF STATUS,RP1
0008   3006           00016         MOVLW 06H ; Define puertos A y E como digitales
Message[302]: Register in operand not in bank 0.  Ensure that bank bits are correct.
0009   009F           00017         MOVWF ADCON1
000A   303F           00018         MOVLW H'3F' ; Configura puerto A como entrada
Message[302]: Register in operand not in bank 0.  Ensure that bank bits are correct.
000B   0085           00019         MOVWF TRISA
000C   3000           00020         MOVLW H'00' ; configura puerto B como salida
Message[302]: Register in operand not in bank 0.  Ensure that bank bits are correct.
000D   0086           00021         MOVWF TRISB
000E   1283           00022         BCF STATUS,RP0 ; Cambia al banco 0
000F   0186           00023         CLRF PORTB
0010                  00024 CICLO:
0010   0805           00025         MOVF PORTA,W ; se usan las entradas de A
0011   0782           00026         ADDWF PCL,F ; se le suma al contador la entrada
0012   281A           00027         goto CERO ; lo que nos lleva a una función.
0013   281C           00028         goto UNO
0014   281F           00029         goto DOS
0015   2828           00030         goto TRES
0016   2831           00031         goto CUATRO
0017   283F           00032         goto CINCO
0018   281A           00033         goto CERO ;Se repite para evitar que se salte a otra instrucción
0019   281A           00034         goto CERO ; y realice otro cosa que no queremos
001A                  00035 CERO: ; todos apagados
001A   0186           00036         CLRF PORTB
001B   2810           00037         goto CICLO ; regresa a checar entrada selección
MPASM  5.51                           EJ2.ASM   3-24-2023  15:45:24         PAGE  2


LOC  OBJECT CODE     LINE SOURCE TEXT
  VALUE

001C                  00038 UNO: ; todos encendidos
001C   30FF           00039         MOVLW 0xFF
001D   0086           00040         MOVWF PORTB
001E   2810           00041         goto CICLO ; regresa a checar entrada selección
001F                  00042 DOS: ; corrimiento derecha
001F   1003           00043         BCF STATUS,C ; Limpia carry
0020   3080           00044         MOVLW 0x80 ; W <- 0x80
0021   0086           00045         MOVWF PORTB
0022   2045           00046         CALL retardo
0023                  00047 DOS_CERO:
0023   1806           00048         BTFSC PORTB,0 ; checa bit 0
0024   2810           00049         GOTO CICLO ; regresa a checar entrada selección
0025   0C86           00050         RRF PORTB,1
0026   2045           00051         CALL retardo
0027   2823           00052         goto DOS_CERO
0028                  00053 TRES: ; corrimiento izquierda
0028   1003           00054         BCF STATUS,C ; Limpia carry
0029   3001           00055         MOVLW 0x01 ; W <- 0x01
002A   0086           00056         MOVWF PORTB
002B   2045           00057         CALL retardo
002C                  00058 TRES_CERO:
002C   1B86           00059         BTFSC PORTB,7 ; checa bit 7
002D   2810           00060         GOTO CICLO ; regresa a checar entrada selección
002E   0D86           00061         RLF PORTB,1
002F   2045           00062         CALL retardo
0030   282C           00063         goto TRES_CERO
0031                  00064 CUATRO: ; corrimiento derecha-izquierda
0031   1003           00065         BCF STATUS,C ; Limpia carry
0032   3080           00066         MOVLW 0x80 ; W <- 0x01
0033   0086           00067         MOVWF PORTB
0034   2045           00068         CALL retardo
0035                  00069 CUATRO_CERO: ; derecha
0035   1806           00070         BTFSC PORTB,0 ; checa bit 0
0036   283A           00071         GOTO CUATRO_REG ; cambia corrimiento
0037   0C86           00072         RRF PORTB,1
0038   2045           00073         CALL retardo
0039   2835           00074         goto CUATRO_CERO
003A                  00075 CUATRO_REG: ; izquierda
003A   1B86           00076         BTFSC PORTB,7 ; checa bit 7
003B   2810           00077         GOTO CICLO ; regresa a checar entrada selección
003C   0D86           00078         RLF PORTB,1
003D   2045           00079         CALL retardo
003E   283A           00080         goto CUATRO_REG
003F                  00081 CINCO: ; apagado-encendido
003F   0186           00082         CLRF PORTB ; apagado
0040   2045           00083         call retardo
0041   30FF           00084         MOVLW 0xFF
0042   0086           00085         MOVWF PORTB ; encendido
0043   2045           00086         call retardo
0044   2810           00087         goto CICLO ; regresa a checar entrada selección
0045                  00088 retardo ; subrutina de retardo
0045   3080           00089         MOVLW cte1
0046   00A1           00090         MOVWF valor1
MPASM  5.51                           EJ2.ASM   3-24-2023  15:45:24         PAGE  3


LOC  OBJECT CODE     LINE SOURCE TEXT
  VALUE

0047                  00091 tres
0047   3050           00092         MOVLW cte2
0048   00A2           00093         MOVWF valor2
0049                  00094 dos
0049   3060           00095         MOVLW cte3
004A   00A3           00096         MOVWF valor3
004B                  00097 uno
Message[305]: Using default destination of 1 (file).
004B   0BA3           00098         DECFSZ valor3
004C   284B           00099         GOTO uno
Message[305]: Using default destination of 1 (file).
004D   0BA2           00100         DECFSZ valor2
004E   2849           00101         GOTO dos
Message[305]: Using default destination of 1 (file).
004F   0BA1           00102         DECFSZ valor1
0050   2847           00103         GOTO tres
0051   0008           00104         RETURN
                      00105         END
MPASM  5.51                           EJ2.ASM   3-24-2023  15:45:24         PAGE  4


SYMBOL TABLE
  LABEL                             VALUE 

ACKDT                             00000005
ACKEN                             00000004
ACKSTAT                           00000006
ADCON0                            0000001F
ADCON1                            0000009F
ADCS0                             00000006
ADCS1                             00000007
ADCS2                             00000006
ADDEN                             00000003
ADFM                              00000007
ADIE                              00000006
ADIF                              00000006
ADON                              00000000
ADRESH                            0000001E
ADRESL                            0000009E
BCLIE                             00000003
BCLIF                             00000003
BF                                00000000
BRGH                              00000002
C                                 00000000
C1INV                             00000004
C1OUT                             00000006
C2INV                             00000005
C2OUT                             00000007
CCP1CON                           00000017
CCP1IE                            00000002
CCP1IF                            00000002
CCP1M0                            00000000
CCP1M1                            00000001
CCP1M2                            00000002
CCP1M3                            00000003
CCP1X                             00000005
CCP1Y                             00000004
CCP2CON                           0000001D
CCP2IE                            00000000
CCP2IF                            00000000
CCP2M0                            00000000
CCP2M1                            00000001
CCP2M2                            00000002
CCP2M3                            00000003
CCP2X                             00000005
CCP2Y                             00000004
CCPR1                             00000015
CCPR1H                            00000016
CCPR1L                            00000015
CCPR2                             0000001B
CCPR2H                            0000001C
CCPR2L                            0000001B
CERO                              0000001A
CHS0                              00000003
CHS1                              00000004
CHS2                              00000005
CICLO                             00000010
MPASM  5.51                           EJ2.ASM   3-24-2023  15:45:24         PAGE  5


SYMBOL TABLE
  LABEL                             VALUE 

CINCO                             0000003F
CIS                               00000003
CKE                               00000006
CKP                               00000004
CM0                               00000000
CM1                               00000001
CM2                               00000002
CMCON                             0000009C
CMIE                              00000006
CMIF                              00000006
CREN                              00000004
CSRC                              00000007
CUATRO                            00000031
CUATRO_CERO                       00000035
CUATRO_REG                        0000003A
CVR0                              00000000
CVR1                              00000001
CVR2                              00000002
CVR3                              00000003
CVRCON                            0000009D
CVREN                             00000007
CVROE                             00000006
CVRR                              00000005
D                                 00000005
DATA_ADDRESS                      00000005
DC                                00000001
DOS                               0000001F
DOS_CERO                          00000023
D_A                               00000005
D_NOT_A                           00000005
EEADR                             0000010D
EEADRH                            0000010F
EECON1                            0000018C
EECON2                            0000018D
EEDATA                            0000010C
EEDATH                            0000010E
EEIE                              00000004
EEIF                              00000004
EEPGD                             00000007
F                                 00000001
FERR                              00000002
FSR                               00000004
GCEN                              00000007
GIE                               00000007
GO                                00000002
GO_DONE                           00000002
GO_NOT_DONE                       00000002
I2C_DATA                          00000005
I2C_READ                          00000002
I2C_START                         00000003
I2C_STOP                          00000004
IBF                               00000007
IBOV                              00000005
MPASM  5.51                           EJ2.ASM   3-24-2023  15:45:24         PAGE  6


SYMBOL TABLE
  LABEL                             VALUE 

INDF                              00000000
INICIO                            00000005
INTCON                            0000000B
INTE                              00000004
INTEDG                            00000006
INTF                              00000001
IRP                               00000007
NOT_A                             00000005
NOT_ADDRESS                       00000005
NOT_BO                            00000000
NOT_BOR                           00000000
NOT_DONE                          00000002
NOT_PD                            00000003
NOT_POR                           00000001
NOT_RBPU                          00000007
NOT_RC8                           00000006
NOT_T1SYNC                        00000002
NOT_TO                            00000004
NOT_TX8                           00000006
NOT_W                             00000002
NOT_WRITE                         00000002
OBF                               00000006
OERR                              00000001
OPTION_REG                        00000081
P                                 00000004
PCFG0                             00000000
PCFG1                             00000001
PCFG2                             00000002
PCFG3                             00000003
PCL                               00000002
PCLATH                            0000000A
PCON                              0000008E
PEIE                              00000006
PEN                               00000002
PIE1                              0000008C
PIE2                              0000008D
PIR1                              0000000C
PIR2                              0000000D
PORTA                             00000005
PORTB                             00000006
PORTC                             00000007
PORTD                             00000008
PORTE                             00000009
PR2                               00000092
PS0                               00000000
PS1                               00000001
PS2                               00000002
PSA                               00000003
PSPIE                             00000007
PSPIF                             00000007
PSPMODE                           00000004
R                                 00000002
RA0                               00000000
MPASM  5.51                           EJ2.ASM   3-24-2023  15:45:24         PAGE  7


SYMBOL TABLE
  LABEL                             VALUE 

RA1                               00000001
RA2                               00000002
RA3                               00000003
RA4                               00000004
RA5                               00000005
RB0                               00000000
RB1                               00000001
RB2                               00000002
RB3                               00000003
RB4                               00000004
RB5                               00000005
RB6                               00000006
RB7                               00000007
RBIE                              00000003
RBIF                              00000000
RC0                               00000000
RC1                               00000001
RC2                               00000002
RC3                               00000003
RC4                               00000004
RC5                               00000005
RC6                               00000006
RC7                               00000007
RC8_9                             00000006
RC9                               00000006
RCD8                              00000000
RCEN                              00000003
RCIE                              00000005
RCIF                              00000005
RCREG                             0000001A
RCSTA                             00000018
RD                                00000000
RD0                               00000000
RD1                               00000001
RD2                               00000002
RD3                               00000003
RD4                               00000004
RD5                               00000005
RD6                               00000006
RD7                               00000007
RE0                               00000000
RE1                               00000001
RE2                               00000002
READ_WRITE                        00000002
RP0                               00000005
RP1                               00000006
RSEN                              00000001
RX9                               00000006
RX9D                              00000000
R_NOT_W                           00000002
R_W                               00000002
S                                 00000003
SEN                               00000000
MPASM  5.51                           EJ2.ASM   3-24-2023  15:45:24         PAGE  8


SYMBOL TABLE
  LABEL                             VALUE 

SMP                               00000007
SPBRG                             00000099
SPEN                              00000007
SREN                              00000005
SSPADD                            00000093
SSPBUF                            00000013
SSPCON                            00000014
SSPCON2                           00000091
SSPEN                             00000005
SSPIE                             00000003
SSPIF                             00000003
SSPM0                             00000000
SSPM1                             00000001
SSPM2                             00000002
SSPM3                             00000003
SSPOV                             00000006
SSPSTAT                           00000094
STATUS                            00000003
SYNC                              00000004
T0CS                              00000005
T0IE                              00000005
T0IF                              00000002
T0SE                              00000004
T1CKPS0                           00000004
T1CKPS1                           00000005
T1CON                             00000010
T1INSYNC                          00000002
T1OSCEN                           00000003
T1SYNC                            00000002
T2CKPS0                           00000000
T2CKPS1                           00000001
T2CON                             00000012
TMR0                              00000001
TMR0IE                            00000005
TMR0IF                            00000002
TMR1                              0000000E
TMR1CS                            00000001
TMR1H                             0000000F
TMR1IE                            00000000
TMR1IF                            00000000
TMR1L                             0000000E
TMR1ON                            00000000
TMR2                              00000011
TMR2IE                            00000001
TMR2IF                            00000001
TMR2ON                            00000002
TOUTPS0                           00000003
TOUTPS1                           00000004
TOUTPS2                           00000005
TOUTPS3                           00000006
TRES                              00000028
TRES_CERO                         0000002C
TRISA                             00000085
MPASM  5.51                           EJ2.ASM   3-24-2023  15:45:24         PAGE  9


SYMBOL TABLE
  LABEL                             VALUE 

TRISA0                            00000000
TRISA1                            00000001
TRISA2                            00000002
TRISA3                            00000003
TRISA4                            00000004
TRISA5                            00000005
TRISB                             00000086
TRISB0                            00000000
TRISB1                            00000001
TRISB2                            00000002
TRISB3                            00000003
TRISB4                            00000004
TRISB5                            00000005
TRISB6                            00000006
TRISB7                            00000007
TRISC                             00000087
TRISC0                            00000000
TRISC1                            00000001
TRISC2                            00000002
TRISC3                            00000003
TRISC4                            00000004
TRISC5                            00000005
TRISC6                            00000006
TRISC7                            00000007
TRISD                             00000088
TRISD0                            00000000
TRISD1                            00000001
TRISD2                            00000002
TRISD3                            00000003
TRISD4                            00000004
TRISD5                            00000005
TRISD6                            00000006
TRISD7                            00000007
TRISE                             00000089
TRISE0                            00000000
TRISE1                            00000001
TRISE2                            00000002
TRMT                              00000001
TX8_9                             00000006
TX9                               00000006
TX9D                              00000000
TXD8                              00000000
TXEN                              00000005
TXIE                              00000004
TXIF                              00000004
TXREG                             00000019
TXSTA                             00000098
UA                                00000001
UNO                               0000001C
W                                 00000000
WCOL                              00000007
WR                                00000001
WREN                              00000002
MPASM  5.51                           EJ2.ASM   3-24-2023  15:45:24         PAGE 10


SYMBOL TABLE
  LABEL                             VALUE 

WRERR                             00000003
Z                                 00000002
_BODEN_OFF                        00003FBF
_BODEN_ON                         00003FFF
_BOREN_OFF                        00003FBF
_BOREN_ON                         00003FFF
_CONFIG                           00002007
_CPD_OFF                          00003FFF
_CPD_ON                           00003EFF
_CP_ALL                           00001FFF
_CP_OFF                           00003FFF
_CP_ON                            00001FFF
_DEBUG_OFF                        00003FFF
_DEBUG_ON                         000037FF
_DEVID1                           00002006
_FOSC_EXTRC                       00003FFF
_FOSC_HS                          00003FFE
_FOSC_LP                          00003FFC
_FOSC_XT                          00003FFD
_HS_OSC                           00003FFE
_IDLOC0                           00002000
_IDLOC1                           00002001
_IDLOC2                           00002002
_IDLOC3                           00002003
_LP_OSC                           00003FFC
_LVP_OFF                          00003F7F
_LVP_ON                           00003FFF
_PWRTE_OFF                        00003FFF
_PWRTE_ON                         00003FF7
_RC_OSC                           00003FFF
_WDTE_OFF                         00003FFB
_WDTE_ON                          00003FFF
_WDT_OFF                          00003FFB
_WDT_ON                           00003FFF
_WRT_1FOURTH                      00003BFF
_WRT_256                          00003DFF
_WRT_HALF                         000039FF
_WRT_OFF                          00003FFF
_XT_OSC                           00003FFD
__16F877                          00000001
cte1                              00000080
cte2                              00000050
cte3                              00000060
dos                               00000049
retardo                           00000045
tres                              00000047
uno                               0000004B
valor1                            00000021
valor2                            00000022
valor3                            00000023
MPASM  5.51                           EJ2.ASM   3-24-2023  15:45:24         PAGE 11


MEMORY USAGE MAP ('X' = Used,  '-' = Unused)


0000 : X----XXXXXXXXXXX XXXXXXXXXXXXXXXX XXXXXXXXXXXXXXXX XXXXXXXXXXXXXXXX
0040 : XXXXXXXXXXXXXXXX XX-------------- ---------------- ----------------

All other memory blocks unused.

Program Memory Words Used:    78
Program Memory Words Free:  8114


Errors   :     0
Warnings :     3 reported,     0 suppressed
Messages :     7 reported,     0 suppressed

