MPASM  5.51                           EJ3.ASM   3-10-2023  15:51:17         PAGE  1


LOC  OBJECT CODE     LINE SOURCE TEXT
  VALUE

Warning[205]: Found directive in column 1. (PROCESSOR)
                      00001 PROCESSOR 16f877
                      00002 #INCLUDE <p16f877.inc>
                      00001         LIST
                      00002 
                      00003 ;==========================================================================
                      00004 ;  MPASM PIC16F877 processor include
                      00005 ; 
                      00006 ;  (c) Copyright 1999-2013 Microchip Technology, All rights reserved
                      00007 ;==========================================================================
                      00008 
                      00540         LIST
  00000030            00003 menor equ H'30' ;Nos ayudara a saber el menor valor al terminar el recorrido
  00000031            00004 inc_auxiliar equ H'31' ;APUNTADOR Nos ayudara a no perder el indice del incremento cuando recorramos con
                            secutivamente
  00000032            00005 menor_posicion equ H'32' ;APUNTADOR Nos ayudara a saber la posición del menor valor
  00000033            00006 valor_aux equ H'33' ;Nos ayudara a guardar el valor en el apuntador de aux, para reemplazarlo en la posi
                            cion del menor
Warning[205]: Found directive in column 1. (ORG)
0000                  00007 ORG 0
Warning[203]: Found opcode in column 1. (GOTO)
0000   2805           00008 GOTO INICIO
Warning[205]: Found directive in column 1. (ORG)
0005                  00009 ORG 5
0005                  00010 INICIO: ;Las preparaciones para la primera iteracion
0005   3020           00011         MOVLW 0x20 ;Se empieza en la localidad 20
0006   00B1           00012         MOVWF inc_auxiliar ;El auxiliar le pasara su valor a FSR, se controlara FSR, pero sirve para ten
                            er un valor fijo que incrementar
0007                  00013 SIG_ITERACION:
0007   0831           00014         MOVF inc_auxiliar,0 ;Se mueve el auxiliar a W
0008   0084           00015         MOVWF FSR ;Se mueve W a FSR. Prepara FSR apuntando a 0x20, el inicio de los valores
0009   0800           00016         MOVF INDF,0 ;El valor de la localidad FSR se va a W
000A   00B0           00017         MOVWF menor ;W se vuelve el menor, yendose a 0x30. De aqui partimos
000B   00B3           00018         MOVWF valor_aux ;Este no se modificara, solo se guarda el valor para ordenar posteriormente
000C                  00019 CHECK:
Message[305]: Using default destination of 1 (file).
000C   0A84           00020         INCF FSR ;El apuntador va a la siguiente localidad
000D   0804           00021         MOVFW FSR ;Se mueve el valor de FSR a W y se checa la localidad actual
000E   3C30           00022         SUBLW 30h ;Se resta 30 a W y se checara si da 0, para confirmar que ya estamos en 30
000F   1903           00023         BTFSC STATUS,Z ;El valor de Z=0?S
0010   281C           00024         GOTO ORDENAR ;NO, Ya llegamos a la localidad 30
0011   0800           00025         MOVF INDF,0 ;SI, Lo que hay en la localidad actual se mueve a W
0012   0230           00026         SUBWF menor,0 ;RES >= W? (resultado-W)
0013   1C03           00027         BTFSS STATUS,C ;Lo que hay en RES es mayor a W?
0014   2816           00028         GOTO RES_MENOR ;NO, se va a MENOR
0015   2817           00029         GOTO RES_MAYOR ;SI, se continúa el proceso
0016                  00030 RES_MENOR: ;resultado menor es el valor más pequeño actualmente
0016   280C           00031         GOTO CHECK
0017                  00032 RES_MAYOR: ;Existe un valor menor al resultado menor actual
0017   0800           00033         MOVF INDF,0 ;El valor donde se encuentra se manda a W
0018   00B0           00034         MOVWF menor ;Se actualiza el menor valor
0019   0804           00035         MOVF FSR,0 ;Se mueve la posicion a W
001A   00B2           00036         MOVWF menor_posicion ;Se guarda la posicion del menor
MPASM  5.51                           EJ3.ASM   3-10-2023  15:51:17         PAGE  2


LOC  OBJECT CODE     LINE SOURCE TEXT
  VALUE

001B   280C           00037         GOTO CHECK
001C                  00038 ORDENAR: ;En este proceso se ordenan los valores
001C   0831           00039         MOVF inc_auxiliar,0 ;El valor de esta localidad manda a un apuntador al inicio de la lista
001D   0084           00040         MOVWF FSR ;Actualizamos el FSR, para poder manipular esta localidad
001E   0830           00041         MOVF menor,0 ;El menor se mueve a W para ordenar
001F   0080           00042         MOVWF INDF ;Se mueve el menor a FSR o inicio de la iteracion actual
0020   0832           00043         MOVF menor_posicion,0 ;Se guarda en W el valor anterior del menor lugar
0021   0084           00044         MOVWF FSR ;La posicion de FSR se actualiza al lugar anterior del valor menor
0022   0833           00045         MOVF valor_aux,0 ;Se manda el valor auxiliar, anterior primer valor, a W
0023   0080           00046         MOVWF INDF ;Se actualiza la posicion con el valor de W (El primer valor actual de la lista)
Message[305]: Using default destination of 1 (file).
0024   0AB1           00047         INCF inc_auxiliar ;Ahora empezaremos desde el siguiente valor
0025   01B0           00048         CLRF menor ;Se limpian los valores de los auxiliares, por si acaso
0026   01B3           00049         CLRF valor_aux
0027   01B2           00050         CLRF menor_posicion
0028   0831           00051         MOVF inc_auxiliar,0 ;Se mueve el valor del auxiliar a W para revisar posicion de localidad
0029   3C30           00052         SUBLW 30h ;Se resta el valor de la localidad final a W
002A   1D03           00053         BTFSS STATUS,Z ;Skip if Z=1, Se salta si la resta da 0, indicando que ya terminamos
002B   2807           00054         GOTO SIG_ITERACION ;Se repite mientras no se haya llegado al final
002C                  00055 TERMINAR:
002C   0063           00056         SLEEP
                      00057         END
MPASM  5.51                           EJ3.ASM   3-10-2023  15:51:17         PAGE  3


SYMBOL TABLE
  LABEL                             VALUE 

ACKDT                             00000005
ACKEN                             00000004
ACKSTAT                           00000006
ADCON0                            0000001F
ADCON1                            0000009F
ADCS0                             00000006
ADCS1                             00000007
ADDEN                             00000003
ADFM                              00000007
ADIE                              00000006
ADIF                              00000006
ADON                              00000000
ADRESH                            0000001E
ADRESL                            0000009E
BCLIE                             00000003
BCLIF                             00000003
BF                                00000000
BRGH                              00000002
C                                 00000000
CCP1CON                           00000017
CCP1IE                            00000002
CCP1IF                            00000002
CCP1M0                            00000000
CCP1M1                            00000001
CCP1M2                            00000002
CCP1M3                            00000003
CCP1X                             00000005
CCP1Y                             00000004
CCP2CON                           0000001D
CCP2IE                            00000000
CCP2IF                            00000000
CCP2M0                            00000000
CCP2M1                            00000001
CCP2M2                            00000002
CCP2M3                            00000003
CCP2X                             00000005
CCP2Y                             00000004
CCPR1                             00000015
CCPR1H                            00000016
CCPR1L                            00000015
CCPR2                             0000001B
CCPR2H                            0000001C
CCPR2L                            0000001B
CHECK                             0000000C
CHS0                              00000003
CHS1                              00000004
CHS2                              00000005
CKE                               00000006
CKP                               00000004
CREN                              00000004
CSRC                              00000007
D                                 00000005
DATA_ADDRESS                      00000005
MPASM  5.51                           EJ3.ASM   3-10-2023  15:51:17         PAGE  4


SYMBOL TABLE
  LABEL                             VALUE 

DC                                00000001
D_A                               00000005
D_NOT_A                           00000005
EEADR                             0000010D
EEADRH                            0000010F
EECON1                            0000018C
EECON2                            0000018D
EEDATA                            0000010C
EEDATH                            0000010E
EEIE                              00000004
EEIF                              00000004
EEPGD                             00000007
F                                 00000001
FERR                              00000002
FSR                               00000004
GCEN                              00000007
GIE                               00000007
GO                                00000002
GO_DONE                           00000002
GO_NOT_DONE                       00000002
I2C_DATA                          00000005
I2C_READ                          00000002
I2C_START                         00000003
I2C_STOP                          00000004
IBF                               00000007
IBOV                              00000005
INDF                              00000000
INICIO                            00000005
INTCON                            0000000B
INTE                              00000004
INTEDG                            00000006
INTF                              00000001
IRP                               00000007
NOT_A                             00000005
NOT_ADDRESS                       00000005
NOT_BO                            00000000
NOT_BOR                           00000000
NOT_DONE                          00000002
NOT_PD                            00000003
NOT_POR                           00000001
NOT_RBPU                          00000007
NOT_RC8                           00000006
NOT_T1SYNC                        00000002
NOT_TO                            00000004
NOT_TX8                           00000006
NOT_W                             00000002
NOT_WRITE                         00000002
OBF                               00000006
OERR                              00000001
OPTION_REG                        00000081
ORDENAR                           0000001C
P                                 00000004
PCFG0                             00000000
MPASM  5.51                           EJ3.ASM   3-10-2023  15:51:17         PAGE  5


SYMBOL TABLE
  LABEL                             VALUE 

PCFG1                             00000001
PCFG2                             00000002
PCFG3                             00000003
PCL                               00000002
PCLATH                            0000000A
PCON                              0000008E
PEIE                              00000006
PEN                               00000002
PIE1                              0000008C
PIE2                              0000008D
PIR1                              0000000C
PIR2                              0000000D
PORTA                             00000005
PORTB                             00000006
PORTC                             00000007
PORTD                             00000008
PORTE                             00000009
PR2                               00000092
PS0                               00000000
PS1                               00000001
PS2                               00000002
PSA                               00000003
PSPIE                             00000007
PSPIF                             00000007
PSPMODE                           00000004
R                                 00000002
RA0                               00000000
RA1                               00000001
RA2                               00000002
RA3                               00000003
RA4                               00000004
RA5                               00000005
RB0                               00000000
RB1                               00000001
RB2                               00000002
RB3                               00000003
RB4                               00000004
RB5                               00000005
RB6                               00000006
RB7                               00000007
RBIE                              00000003
RBIF                              00000000
RC0                               00000000
RC1                               00000001
RC2                               00000002
RC3                               00000003
RC4                               00000004
RC5                               00000005
RC6                               00000006
RC7                               00000007
RC8_9                             00000006
RC9                               00000006
RCD8                              00000000
MPASM  5.51                           EJ3.ASM   3-10-2023  15:51:17         PAGE  6


SYMBOL TABLE
  LABEL                             VALUE 

RCEN                              00000003
RCIE                              00000005
RCIF                              00000005
RCREG                             0000001A
RCSTA                             00000018
RD                                00000000
RD0                               00000000
RD1                               00000001
RD2                               00000002
RD3                               00000003
RD4                               00000004
RD5                               00000005
RD6                               00000006
RD7                               00000007
RE0                               00000000
RE1                               00000001
RE2                               00000002
READ_WRITE                        00000002
RES_MAYOR                         00000017
RES_MENOR                         00000016
RP0                               00000005
RP1                               00000006
RSEN                              00000001
RX9                               00000006
RX9D                              00000000
R_NOT_W                           00000002
R_W                               00000002
S                                 00000003
SEN                               00000000
SIG_ITERACION                     00000007
SMP                               00000007
SPBRG                             00000099
SPEN                              00000007
SREN                              00000005
SSPADD                            00000093
SSPBUF                            00000013
SSPCON                            00000014
SSPCON2                           00000091
SSPEN                             00000005
SSPIE                             00000003
SSPIF                             00000003
SSPM0                             00000000
SSPM1                             00000001
SSPM2                             00000002
SSPM3                             00000003
SSPOV                             00000006
SSPSTAT                           00000094
STATUS                            00000003
SYNC                              00000004
T0CS                              00000005
T0IE                              00000005
T0IF                              00000002
T0SE                              00000004
MPASM  5.51                           EJ3.ASM   3-10-2023  15:51:17         PAGE  7


SYMBOL TABLE
  LABEL                             VALUE 

T1CKPS0                           00000004
T1CKPS1                           00000005
T1CON                             00000010
T1INSYNC                          00000002
T1OSCEN                           00000003
T1SYNC                            00000002
T2CKPS0                           00000000
T2CKPS1                           00000001
T2CON                             00000012
TERMINAR                          0000002C
TMR0                              00000001
TMR0IE                            00000005
TMR0IF                            00000002
TMR1                              0000000E
TMR1CS                            00000001
TMR1H                             0000000F
TMR1IE                            00000000
TMR1IF                            00000000
TMR1L                             0000000E
TMR1ON                            00000000
TMR2                              00000011
TMR2IE                            00000001
TMR2IF                            00000001
TMR2ON                            00000002
TOUTPS0                           00000003
TOUTPS1                           00000004
TOUTPS2                           00000005
TOUTPS3                           00000006
TRISA                             00000085
TRISA0                            00000000
TRISA1                            00000001
TRISA2                            00000002
TRISA3                            00000003
TRISA4                            00000004
TRISA5                            00000005
TRISB                             00000086
TRISB0                            00000000
TRISB1                            00000001
TRISB2                            00000002
TRISB3                            00000003
TRISB4                            00000004
TRISB5                            00000005
TRISB6                            00000006
TRISB7                            00000007
TRISC                             00000087
TRISC0                            00000000
TRISC1                            00000001
TRISC2                            00000002
TRISC3                            00000003
TRISC4                            00000004
TRISC5                            00000005
TRISC6                            00000006
TRISC7                            00000007
MPASM  5.51                           EJ3.ASM   3-10-2023  15:51:17         PAGE  8


SYMBOL TABLE
  LABEL                             VALUE 

TRISD                             00000088
TRISD0                            00000000
TRISD1                            00000001
TRISD2                            00000002
TRISD3                            00000003
TRISD4                            00000004
TRISD5                            00000005
TRISD6                            00000006
TRISD7                            00000007
TRISE                             00000089
TRISE0                            00000000
TRISE1                            00000001
TRISE2                            00000002
TRMT                              00000001
TX8_9                             00000006
TX9                               00000006
TX9D                              00000000
TXD8                              00000000
TXEN                              00000005
TXIE                              00000004
TXIF                              00000004
TXREG                             00000019
TXSTA                             00000098
UA                                00000001
W                                 00000000
WCOL                              00000007
WR                                00000001
WREN                              00000002
WRERR                             00000003
Z                                 00000002
_BODEN_OFF                        00003FBF
_BODEN_ON                         00003FFF
_BOREN_OFF                        00003FBF
_BOREN_ON                         00003FFF
_CONFIG                           00002007
_CPD_OFF                          00003FFF
_CPD_ON                           00003EFF
_CP_ALL                           00000FCF
_CP_HALF                          00001FDF
_CP_OFF                           00003FFF
_CP_UPPER_256                     00002FEF
_DEBUG_OFF                        00003FFF
_DEBUG_ON                         000037FF
_DEVID1                           00002006
_FOSC_EXTRC                       00003FFF
_FOSC_HS                          00003FFE
_FOSC_LP                          00003FFC
_FOSC_XT                          00003FFD
_HS_OSC                           00003FFE
_IDLOC0                           00002000
_IDLOC1                           00002001
_IDLOC2                           00002002
_IDLOC3                           00002003
MPASM  5.51                           EJ3.ASM   3-10-2023  15:51:17         PAGE  9


SYMBOL TABLE
  LABEL                             VALUE 

_LP_OSC                           00003FFC
_LVP_OFF                          00003F7F
_LVP_ON                           00003FFF
_PWRTE_OFF                        00003FFF
_PWRTE_ON                         00003FF7
_RC_OSC                           00003FFF
_WDTE_OFF                         00003FFB
_WDTE_ON                          00003FFF
_WDT_OFF                          00003FFB
_WDT_ON                           00003FFF
_WRT_ENABLE_OFF                   00003DFF
_WRT_ENABLE_ON                    00003FFF
_WRT_OFF                          00003DFF
_WRT_ON                           00003FFF
_XT_OSC                           00003FFD
__16F877                          00000001
inc_auxiliar                      00000031
menor                             00000030
menor_posicion                    00000032
valor_aux                         00000033


MEMORY USAGE MAP ('X' = Used,  '-' = Unused)

0000 : X----XXXXXXXXXXX XXXXXXXXXXXXXXXX XXXXXXXXXXXXX--- ----------------

All other memory blocks unused.

Program Memory Words Used:    41
Program Memory Words Free:  8151


Errors   :     0
Warnings :     4 reported,     0 suppressed
Messages :     2 reported,     0 suppressed

