
ROM used:   112/8192 (1%)
            112/8192 (1%) including unused fragments

            0.2 Average locations per line
            10.2 Average locations per statement

RAM used:   8/368 (2%) at main() level
            9/368 (2%) worst case

Stack used: 0 worst case (0 in main + 0 for interrupts)
Stack size: 8

Lines Stmts  %   Files
----- ----- ---  -----
   27    11 100  E2.c
  664     0   0  C:\Program Files (x86)\PICC\Devices\16F877.h
----- -----
  691    11 Total

Page ROM  %  RAM    Vol Diff  Functions:
---- --- --- ---    --- ----  ----------
0     22  20    1             @delay_ms1
0     16  14    1             @I2C_WRITEU_129
0     19  17    0     55  1.1  escribir_i2c
0      8   7    0     16  1.0  escribir_puerto
0     43  38    1     70  1.9  MAIN
 Inline         0             @cinit1

Program metrics:
    Functions               3
    Statements              11
    Comments                126
    Volume (V)              207
    Difficulty (D)          3.5
    Effort to implement (E) 724
    Time to implement (T)   1 minutes
    Est Delivered Bugs (B)  0
    Cyclomatic Complexity   1
    Maintainability (MI)    99

 Segment     Used  Free
-----------  ----  ----
00000-00003     4  0  
00004-007FF   108  1936  
00800-00FFF     0  2048  
01000-017FF     0  2048  
01800-01FFF     0  2048  



