
ROM used:   657/8192 (8%)
            657/8192 (8%) including unused fragments

            0.7 Average locations per line
            6.8 Average locations per statement

RAM used:   16/368 (4%) at main() level
            36/368 (10%) worst case

Stack used: 6 worst case (6 in main + 0 for interrupts)
Stack size: 8

Lines Stmts  %   Files
----- ----- ---  -----
   39    19  20  E3.c
  664     0   0  C:\Program Files (x86)\PICC\Devices\16F877.h
  211    77  80  C:\Program Files (x86)\PICC\Devices\i2c_LCD.c
----- -----
  914    96 Total

Page ROM  %  RAM    Vol Diff  Functions:
---- --- --- ---    --- ----  ----------
0     20   3    1             @delay_ms1
0     16   2    1             @I2C_WRITEU_129
0     80  12    3    574  5.9  i2c_send_nibble
0     30   5    3    149  2.8  lcd_send_byte
0     10   2    0     61  1.9  lcd_clear
0      8   1    0     33  1.3  @const690
0     76  12    5    902  5.8  lcd_init
0     55   8    7    681  8.0  lcd_gotoxy
0     37   6    1    310  5.9  LCD_PUTC
0     19   3    0     55  1.1  escribir_i2c
0      8   1    0     16  1.0  escribir_puerto
0     98  15    0     61  1.4  escribir_lcd
0     21   3    3             @DIV88
 Inline         6             @PRINTF_D_700
0     81  12    1    270  2.7  MAIN
0      3   0    0    268  2.2  @const716
0     86  13    4             @PSTRINGC7_700
0      5   1    0             @const721
 Inline         0             @cinit1

Program metrics:
    Functions               12
    Statements              96
    Comments                217
    Volume (V)              5327
    Difficulty (D)          40.6
    Effort to implement (E) 216035
    Time to implement (T)   3 hours, 20 minutes
    Est Delivered Bugs (B)  1
    Cyclomatic Complexity   16
    Maintainability (MI)    120

 Segment     Used  Free
-----------  ----  ----
00000-00003     4  0  
00004-007FF   653  1391  
00800-00FFF     0  2048  
01000-017FF     0  2048  
01800-01FFF     0  2048  



