
ROM used:   621/8192 (8%)
            621/8192 (8%) including unused fragments

            0.7 Average locations per line
            6.2 Average locations per statement

RAM used:   16/368 (4%) at main() level
            33/368 (9%) worst case

Stack used: 6 worst case (6 in main + 0 for interrupts)
Stack size: 8

Lines Stmts  %   Files
----- ----- ---  -----
   46    23  23  E4.c
  664     0   0  C:\Program Files (x86)\PICC\Devices\16F877.h
  211    77  77  C:\Program Files (x86)\PICC\Devices\i2c_LCD.c
----- -----
  921   100 Total

Page ROM  %  RAM    Vol Diff  Functions:
---- --- --- ---    --- ----  ----------
0     20   3    1             @delay_ms1
0     16   3    1     86  1.6  @I2C_WRITEU_129
0     16   3    1     86  1.6  @I2C_READU_129
0     80  13    3    574  5.9  i2c_send_nibble
0     30   5    3    149  2.8  lcd_send_byte
0     10   2    0     61  1.9  lcd_clear
0      8   1    0             @const690
0     76  12    5    902  5.8  lcd_init
0     55   9    7    681  8.0  lcd_gotoxy
0     37   6    1    310  5.9  LCD_PUTC
0     21   3    0     61  1.5  escribir_i2c
0      8   1    0     16  1.0  escribir_puerto
0     44   7    0     61  1.4  escribir_lcd
 Inline         2             @PRINTF_X_700
0     20   3    0     67  1.6  leer_i2c
0     81  13    1    268  2.2  MAIN
0      3   0    0             @const714
0     86  14    4             @PSTRINGC7_700
0      6   1    0             @const719
 Inline         0             @cinit1

Program metrics:
    Functions               13
    Statements              100
    Comments                220
    Volume (V)              5323
    Difficulty (D)          41.8
    Effort to implement (E) 222344
    Time to implement (T)   3 hours, 26 minutes
    Est Delivered Bugs (B)  1
    Cyclomatic Complexity   16
    Maintainability (MI)    111

 Segment     Used  Free
-----------  ----  ----
00000-00003     4  0  
00004-007FF   617  1427  
00800-00FFF     0  2048  
01000-017FF     0  2048  
01800-01FFF     0  2048  



