
ROM used:   440/8192 (5%)
            440/8192 (5%) including unused fragments

            0.4 Average locations per line
            4.5 Average locations per statement

RAM used:   8/368 (2%) at main() level
            24/368 (7%) worst case

Stack used: 4 worst case (4 in main + 0 for interrupts)
Stack size: 8

Lines Stmts  %   Files
----- ----- ---  -----
   31    14  14  EJ7.c
  664     0   0  C:\Program Files (x86)\PICC\Devices\16F877.h
  456    84  86  C:\Program Files (x86)\PICC\Drivers\lcd.c
----- -----
 1151    98 Total

Page ROM  %  RAM    Vol Diff  Functions:
---- --- --- ---    --- ----  ----------
0     20   5    1             @delay_ms1
 Inline         3    596  5.9  lcd_read_byte
0      6   1    0     59  4.2  lcd_read_nibble
0     15   3    1    179  3.3  lcd_send_nibble
0     66  15    3    460  4.7  lcd_send_byte
0     62  14    6    814  7.2  lcd_init
0     18   4    4    208  6.3  lcd_gotoxy
0     44  10    1    354  4.7  lcd_putc
0     60  14    0    371  5.0  MAIN
0     21   5    3             @DIV88
0     89  20    6             @PRINTF_D_689
0     35   8    2             @PRINTF_X_689
 Inline         0             @cinit1

Program metrics:
    Functions               8
    Statements              98
    Comments                229
    Volume (V)              4612
    Difficulty (D)          39.9
    Effort to implement (E) 184061
    Time to implement (T)   2 hours, 50 minutes
    Est Delivered Bugs (B)  1
    Cyclomatic Complexity   9
    Maintainability (MI)    142

 Segment     Used  Free
-----------  ----  ----
00000-00003     4  0  
00004-007FF   436  1608  
00800-00FFF     0  2048  
01000-017FF     0  2048  
01800-01FFF     0  2048  



