MPASM  5.51                           EJ1.ASM   3-31-2023  17:11:24         PAGE  1


LOC  OBJECT CODE     LINE SOURCE TEXT
  VALUE

Warning[205]: Found directive in column 1. (PROCESSOR)
Warning[215]: Processor superseded by command line.  Verify processor symbol.
                      00001 PROCESSOR 16F877A
Warning[205]: Found directive in column 1. (INCLUDE)
                      00002 INCLUDE <P16F877A.INC>
                      00001         LIST
                      00002 
                      00003 ;==========================================================================
                      00004 ;  MPASM PIC16F877A processor include
                      00005 ; 
                      00006 ;  (c) Copyright 1999-2013 Microchip Technology, All rights reserved
                      00007 ;==========================================================================
                      00008 
Message[301]: MESSAGE: (Processor-header file mismatch.  Verify selected processor.)
                      00566         LIST
Warning[207]: Found label after column 1. (VALOR1)
  00000021            00003         VALOR1 EQU 0X21
Warning[207]: Found label after column 1. (VALOR2)
  00000022            00004         VALOR2 EQU 0X22 ; REGISTROS PARA EL RETARDO
Warning[207]: Found label after column 1. (VALOR3)
  00000023            00005         VALOR3 EQU 0X23
Warning[207]: Found label after column 1. (CTE1)
  00000002            00006         CTE1 EQU 2 ;20 ms
Warning[207]: Found label after column 1. (CTE2)
  000000C8            00007         CTE2 EQU .200 ; VALORES PARA EL RETARDO
Warning[207]: Found label after column 1. (CTE3)
  00000052            00008         CTE3 EQU .82
0000                  00009 RESET:
0000                  00010         ORG 0
0000   2805           00011         GOTO INICIO
0005                  00012         ORG 5
0005                  00013 INICIO:
0005   0185           00014         CLRF PORTA ;LIMPIA EL PUERTOS A Y B
0006   0186           00015         CLRF PORTB
0007   1683           00016         BSF STATUS,RP0 ;CAMBIA AL BANCO 01
Message[302]: Register in operand not in bank 0.  Ensure that bank bits are correct.
0008   0186           00017         CLRF TRISB ;CONFIGURA LOS PINES DEL PUERTO B COMO SALIDAS
0009   3006           00018         MOVLW 0X06
Message[302]: Register in operand not in bank 0.  Ensure that bank bits are correct.
000A   009F           00019         MOVWF ADCON1 ;CONFIGURA LOS PINES DEL PUERTO A Y E COMO I/O DIGITALES
000B   303F           00020         MOVLW 0X3F
Message[302]: Register in operand not in bank 0.  Ensure that bank bits are correct.
000C   0085           00021         MOVWF TRISA ;PUERTO A COMO ENTRADAS
000D   1283           00022         BCF STATUS,RP0 ;REGRESA AL BANCO 0 
000E                  00023 LOOP:
000E   0805           00024         MOVF PORTA,W ;W <-- (PORTA)
000F   2013           00025         CALL MOTORES
0010   0086           00026         MOVWF PORTB ;(PORTB) <-- W
0011   2026           00027         CALL RETARDO
0012   280E           00028         GOTO LOOP
0013                  00029 MOTORES:
0013   0805           00030         MOVF PORTA,0    ;W<- PORTA
0014   390F           00031         ANDLW B'00001111' ;W<- PORTA && 00000111
MPASM  5.51                           EJ1.ASM   3-31-2023  17:11:24         PAGE  2


LOC  OBJECT CODE     LINE SOURCE TEXT
  VALUE

0015   0782           00032         ADDWF PCL,F ;(PCL) <-- (PORTA) AND 0X0F
0016   3400           00033         RETLW 0                         ;PARO           PARO 0
0017   3408           00034         RETLW B'00001000'       ;PARO           HORARIO 1
0018   3404           00035         RETLW B'00000100'   ;PARO               ANTI-HORARIO 2
0019   3402           00036         RETLW B'00000010'       ;HORARIO        PARO 3
001A   3401           00037         RETLW B'00000001'       ;ANTI-HORA      PARO 4
001B   340A           00038         RETLW B'00001010'       ;HORARIO        HORARIO 5
001C   3405           00039         RETLW B'00000101'       ;ANTI-HORA      ANTI-HORARIO 6
001D   3406           00040         RETLW B'00000110'       ;HORARIO        ANTI-HORARIO 7
001E   3409           00041         RETLW B'00001001'       ;ANTI-HORA      HORARIO 8
001F   3400           00042         RETLW 0                         ;PARO           PARO
0020   3400           00043         RETLW 0         ;PARO PARO
0021   3400           00044         RETLW 0         ;PARO PARO
0022   3400           00045         RETLW 0         ;PARO PARO
0023   3400           00046         RETLW 0         ;PARO PARO
0024   3400           00047         RETLW 0         ;PARO PARO
0025   3400           00048         RETLW 0         ;PARO PARO
0026                  00049 RETARDO:
0026   3002           00050         MOVLW CTE1 ;W <-- CTE1
0027   00A1           00051         MOVWF VALOR1 ;(VALOR1) <-- CTE1
0028                  00052 TRES 
0028   30C8           00053         MOVLW CTE2 ;W <-- CTE2
0029   00A2           00054         MOVWF VALOR2 ;(VALOR2) <-- CTE2
002A                  00055 DOS 
002A   3052           00056         MOVLW CTE3 ;W <-- CTE3
002B   00A3           00057         MOVWF VALOR3 ;(VALOR3) <-- CTE3
002C                  00058 UNO 
Message[305]: Using default destination of 1 (file).
002C   0BA3           00059         DECFSZ VALOR3 ;(VALOR3)--, ?VALOR3 = 0?
002D   282C           00060         GOTO UNO ;NO, VE A UNO
Message[305]: Using default destination of 1 (file).
002E   0BA2           00061         DECFSZ VALOR2 ;SI, ?VALOR2 = 0?
002F   282A           00062         GOTO DOS ;NO, VE A DOS
Message[305]: Using default destination of 1 (file).
0030   0BA1           00063         DECFSZ VALOR1 ;SI, ?VALOR1 = 0?
0031   2828           00064         GOTO TRES ;NO, VE A TRES
0032   0008           00065 EXT RETURN ;SI, SALE
                      00066         END
MPASM  5.51                           EJ1.ASM   3-31-2023  17:11:24         PAGE  3


SYMBOL TABLE
  LABEL                             VALUE 

ACKDT                             00000005
ACKEN                             00000004
ACKSTAT                           00000006
ADCON0                            0000001F
ADCON1                            0000009F
ADCS0                             00000006
ADCS1                             00000007
ADCS2                             00000006
ADDEN                             00000003
ADFM                              00000007
ADIE                              00000006
ADIF                              00000006
ADON                              00000000
ADRESH                            0000001E
ADRESL                            0000009E
BCLIE                             00000003
BCLIF                             00000003
BF                                00000000
BRGH                              00000002
C                                 00000000
C1INV                             00000004
C1OUT                             00000006
C2INV                             00000005
C2OUT                             00000007
CCP1CON                           00000017
CCP1IE                            00000002
CCP1IF                            00000002
CCP1M0                            00000000
CCP1M1                            00000001
CCP1M2                            00000002
CCP1M3                            00000003
CCP1X                             00000005
CCP1Y                             00000004
CCP2CON                           0000001D
CCP2IE                            00000000
CCP2IF                            00000000
CCP2M0                            00000000
CCP2M1                            00000001
CCP2M2                            00000002
CCP2M3                            00000003
CCP2X                             00000005
CCP2Y                             00000004
CCPR1                             00000015
CCPR1H                            00000016
CCPR1L                            00000015
CCPR2                             0000001B
CCPR2H                            0000001C
CCPR2L                            0000001B
CHS0                              00000003
CHS1                              00000004
CHS2                              00000005
CIS                               00000003
CKE                               00000006
MPASM  5.51                           EJ1.ASM   3-31-2023  17:11:24         PAGE  4


SYMBOL TABLE
  LABEL                             VALUE 

CKP                               00000004
CM0                               00000000
CM1                               00000001
CM2                               00000002
CMCON                             0000009C
CMIE                              00000006
CMIF                              00000006
CREN                              00000004
CSRC                              00000007
CTE1                              00000002
CTE2                              000000C8
CTE3                              00000052
CVR0                              00000000
CVR1                              00000001
CVR2                              00000002
CVR3                              00000003
CVRCON                            0000009D
CVREN                             00000007
CVROE                             00000006
CVRR                              00000005
D                                 00000005
DATA_ADDRESS                      00000005
DC                                00000001
DOS                               0000002A
D_A                               00000005
D_NOT_A                           00000005
EEADR                             0000010D
EEADRH                            0000010F
EECON1                            0000018C
EECON2                            0000018D
EEDATA                            0000010C
EEDATH                            0000010E
EEIE                              00000004
EEIF                              00000004
EEPGD                             00000007
EXT                               00000032
F                                 00000001
FERR                              00000002
FSR                               00000004
GCEN                              00000007
GIE                               00000007
GO                                00000002
GO_DONE                           00000002
GO_NOT_DONE                       00000002
I2C_DATA                          00000005
I2C_READ                          00000002
I2C_START                         00000003
I2C_STOP                          00000004
IBF                               00000007
IBOV                              00000005
INDF                              00000000
INICIO                            00000005
INTCON                            0000000B
MPASM  5.51                           EJ1.ASM   3-31-2023  17:11:24         PAGE  5


SYMBOL TABLE
  LABEL                             VALUE 

INTE                              00000004
INTEDG                            00000006
INTF                              00000001
IRP                               00000007
LOOP                              0000000E
MOTORES                           00000013
NOT_A                             00000005
NOT_ADDRESS                       00000005
NOT_BO                            00000000
NOT_BOR                           00000000
NOT_DONE                          00000002
NOT_PD                            00000003
NOT_POR                           00000001
NOT_RBPU                          00000007
NOT_RC8                           00000006
NOT_T1SYNC                        00000002
NOT_TO                            00000004
NOT_TX8                           00000006
NOT_W                             00000002
NOT_WRITE                         00000002
OBF                               00000006
OERR                              00000001
OPTION_REG                        00000081
P                                 00000004
PCFG0                             00000000
PCFG1                             00000001
PCFG2                             00000002
PCFG3                             00000003
PCL                               00000002
PCLATH                            0000000A
PCON                              0000008E
PEIE                              00000006
PEN                               00000002
PIE1                              0000008C
PIE2                              0000008D
PIR1                              0000000C
PIR2                              0000000D
PORTA                             00000005
PORTB                             00000006
PORTC                             00000007
PORTD                             00000008
PORTE                             00000009
PR2                               00000092
PS0                               00000000
PS1                               00000001
PS2                               00000002
PSA                               00000003
PSPIE                             00000007
PSPIF                             00000007
PSPMODE                           00000004
R                                 00000002
RA0                               00000000
RA1                               00000001
MPASM  5.51                           EJ1.ASM   3-31-2023  17:11:24         PAGE  6


SYMBOL TABLE
  LABEL                             VALUE 

RA2                               00000002
RA3                               00000003
RA4                               00000004
RA5                               00000005
RB0                               00000000
RB1                               00000001
RB2                               00000002
RB3                               00000003
RB4                               00000004
RB5                               00000005
RB6                               00000006
RB7                               00000007
RBIE                              00000003
RBIF                              00000000
RC0                               00000000
RC1                               00000001
RC2                               00000002
RC3                               00000003
RC4                               00000004
RC5                               00000005
RC6                               00000006
RC7                               00000007
RC8_9                             00000006
RC9                               00000006
RCD8                              00000000
RCEN                              00000003
RCIE                              00000005
RCIF                              00000005
RCREG                             0000001A
RCSTA                             00000018
RD                                00000000
RD0                               00000000
RD1                               00000001
RD2                               00000002
RD3                               00000003
RD4                               00000004
RD5                               00000005
RD6                               00000006
RD7                               00000007
RE0                               00000000
RE1                               00000001
RE2                               00000002
READ_WRITE                        00000002
RESET                             00000000
RETARDO                           00000026
RP0                               00000005
RP1                               00000006
RSEN                              00000001
RX9                               00000006
RX9D                              00000000
R_NOT_W                           00000002
R_W                               00000002
S                                 00000003
MPASM  5.51                           EJ1.ASM   3-31-2023  17:11:24         PAGE  7


SYMBOL TABLE
  LABEL                             VALUE 

SEN                               00000000
SMP                               00000007
SPBRG                             00000099
SPEN                              00000007
SREN                              00000005
SSPADD                            00000093
SSPBUF                            00000013
SSPCON                            00000014
SSPCON2                           00000091
SSPEN                             00000005
SSPIE                             00000003
SSPIF                             00000003
SSPM0                             00000000
SSPM1                             00000001
SSPM2                             00000002
SSPM3                             00000003
SSPOV                             00000006
SSPSTAT                           00000094
STATUS                            00000003
SYNC                              00000004
T0CS                              00000005
T0IE                              00000005
T0IF                              00000002
T0SE                              00000004
T1CKPS0                           00000004
T1CKPS1                           00000005
T1CON                             00000010
T1INSYNC                          00000002
T1OSCEN                           00000003
T1SYNC                            00000002
T2CKPS0                           00000000
T2CKPS1                           00000001
T2CON                             00000012
TMR0                              00000001
TMR0IE                            00000005
TMR0IF                            00000002
TMR1                              0000000E
TMR1CS                            00000001
TMR1H                             0000000F
TMR1IE                            00000000
TMR1IF                            00000000
TMR1L                             0000000E
TMR1ON                            00000000
TMR2                              00000011
TMR2IE                            00000001
TMR2IF                            00000001
TMR2ON                            00000002
TOUTPS0                           00000003
TOUTPS1                           00000004
TOUTPS2                           00000005
TOUTPS3                           00000006
TRES                              00000028
TRISA                             00000085
MPASM  5.51                           EJ1.ASM   3-31-2023  17:11:24         PAGE  8


SYMBOL TABLE
  LABEL                             VALUE 

TRISA0                            00000000
TRISA1                            00000001
TRISA2                            00000002
TRISA3                            00000003
TRISA4                            00000004
TRISA5                            00000005
TRISB                             00000086
TRISB0                            00000000
TRISB1                            00000001
TRISB2                            00000002
TRISB3                            00000003
TRISB4                            00000004
TRISB5                            00000005
TRISB6                            00000006
TRISB7                            00000007
TRISC                             00000087
TRISC0                            00000000
TRISC1                            00000001
TRISC2                            00000002
TRISC3                            00000003
TRISC4                            00000004
TRISC5                            00000005
TRISC6                            00000006
TRISC7                            00000007
TRISD                             00000088
TRISD0                            00000000
TRISD1                            00000001
TRISD2                            00000002
TRISD3                            00000003
TRISD4                            00000004
TRISD5                            00000005
TRISD6                            00000006
TRISD7                            00000007
TRISE                             00000089
TRISE0                            00000000
TRISE1                            00000001
TRISE2                            00000002
TRMT                              00000001
TX8_9                             00000006
TX9                               00000006
TX9D                              00000000
TXD8                              00000000
TXEN                              00000005
TXIE                              00000004
TXIF                              00000004
TXREG                             00000019
TXSTA                             00000098
UA                                00000001
UNO                               0000002C
VALOR1                            00000021
VALOR2                            00000022
VALOR3                            00000023
W                                 00000000
MPASM  5.51                           EJ1.ASM   3-31-2023  17:11:24         PAGE  9


SYMBOL TABLE
  LABEL                             VALUE 

WCOL                              00000007
WR                                00000001
WREN                              00000002
WRERR                             00000003
Z                                 00000002
_BODEN_OFF                        00003FBF
_BODEN_ON                         00003FFF
_BOREN_OFF                        00003FBF
_BOREN_ON                         00003FFF
_CONFIG                           00002007
_CPD_OFF                          00003FFF
_CPD_ON                           00003EFF
_CP_ALL                           00001FFF
_CP_OFF                           00003FFF
_CP_ON                            00001FFF
_DEBUG_OFF                        00003FFF
_DEBUG_ON                         000037FF
_DEVID1                           00002006
_FOSC_EXTRC                       00003FFF
_FOSC_HS                          00003FFE
_FOSC_LP                          00003FFC
_FOSC_XT                          00003FFD
_HS_OSC                           00003FFE
_IDLOC0                           00002000
_IDLOC1                           00002001
_IDLOC2                           00002002
_IDLOC3                           00002003
_LP_OSC                           00003FFC
_LVP_OFF                          00003F7F
_LVP_ON                           00003FFF
_PWRTE_OFF                        00003FFF
_PWRTE_ON                         00003FF7
_RC_OSC                           00003FFF
_WDTE_OFF                         00003FFB
_WDTE_ON                          00003FFF
_WDT_OFF                          00003FFB
_WDT_ON                           00003FFF
_WRT_1FOURTH                      00003BFF
_WRT_256                          00003DFF
_WRT_HALF                         000039FF
_WRT_OFF                          00003FFF
_XT_OSC                           00003FFD
__16F877                          00000001
MPASM  5.51                           EJ1.ASM   3-31-2023  17:11:24         PAGE 10


MEMORY USAGE MAP ('X' = Used,  '-' = Unused)


0000 : X----XXXXXXXXXXX XXXXXXXXXXXXXXXX XXXXXXXXXXXXXXXX XXX-------------

All other memory blocks unused.

Program Memory Words Used:    47
Program Memory Words Free:  8145


Errors   :     0
Warnings :     9 reported,     0 suppressed
Messages :     7 reported,     0 suppressed

