Warning[205] D:\ESCUELA\SEMESTRE 23-2\LABMICROS\PREVIOS\P5\J2.ASM 1 : Found directive in column 1. (processor)
Warning[215] D:\ESCUELA\SEMESTRE 23-2\LABMICROS\PREVIOS\P5\J2.ASM 1 : Processor superseded by command line.  Verify processor symbol.
Warning[205] D:\ESCUELA\SEMESTRE 23-2\LABMICROS\PREVIOS\P5\J2.ASM 2 : Found directive in column 1. (include)
Message[301] C:\PROGRAM FILES (X86)\MICROCHIP\MPASM SUITE\P16F877A.INC 33 : MESSAGE: (Processor-header file mismatch.  Verify selected processor.)
Warning[205] D:\ESCUELA\SEMESTRE 23-2\LABMICROS\PREVIOS\P5\J2.ASM 11 : Found directive in column 1. (ORG)
Warning[203] D:\ESCUELA\SEMESTRE 23-2\LABMICROS\PREVIOS\P5\J2.ASM 12 : Found opcode in column 1. (GOTO)
Warning[205] D:\ESCUELA\SEMESTRE 23-2\LABMICROS\PREVIOS\P5\J2.ASM 13 : Found directive in column 1. (ORG)
Warning[203] D:\ESCUELA\SEMESTRE 23-2\LABMICROS\PREVIOS\P5\J2.ASM 15 : Found opcode in column 1. (CLRF)
Warning[203] D:\ESCUELA\SEMESTRE 23-2\LABMICROS\PREVIOS\P5\J2.ASM 16 : Found opcode in column 1. (BSF)
Warning[203] D:\ESCUELA\SEMESTRE 23-2\LABMICROS\PREVIOS\P5\J2.ASM 17 : Found opcode in column 1. (BCF)
Warning[203] D:\ESCUELA\SEMESTRE 23-2\LABMICROS\PREVIOS\P5\J2.ASM 18 : Found opcode in column 1. (MOVLW)
Warning[203] D:\ESCUELA\SEMESTRE 23-2\LABMICROS\PREVIOS\P5\J2.ASM 19 : Found opcode in column 1. (MOVWF)
Message[302] D:\ESCUELA\SEMESTRE 23-2\LABMICROS\PREVIOS\P5\J2.ASM 19 : Register in operand not in bank 0.  Ensure that bank bits are correct.
Warning[203] D:\ESCUELA\SEMESTRE 23-2\LABMICROS\PREVIOS\P5\J2.ASM 20 : Found opcode in column 1. (MOVLW)
Warning[203] D:\ESCUELA\SEMESTRE 23-2\LABMICROS\PREVIOS\P5\J2.ASM 21 : Found opcode in column 1. (MOVWF)
Message[302] D:\ESCUELA\SEMESTRE 23-2\LABMICROS\PREVIOS\P5\J2.ASM 21 : Register in operand not in bank 0.  Ensure that bank bits are correct.
Warning[203] D:\ESCUELA\SEMESTRE 23-2\LABMICROS\PREVIOS\P5\J2.ASM 22 : Found opcode in column 1. (MOVLW)
Warning[203] D:\ESCUELA\SEMESTRE 23-2\LABMICROS\PREVIOS\P5\J2.ASM 23 : Found opcode in column 1. (MOVWF)
Message[302] D:\ESCUELA\SEMESTRE 23-2\LABMICROS\PREVIOS\P5\J2.ASM 23 : Register in operand not in bank 0.  Ensure that bank bits are correct.
Warning[203] D:\ESCUELA\SEMESTRE 23-2\LABMICROS\PREVIOS\P5\J2.ASM 24 : Found opcode in column 1. (BCF)
Warning[203] D:\ESCUELA\SEMESTRE 23-2\LABMICROS\PREVIOS\P5\J2.ASM 25 : Found opcode in column 1. (CLRF)
Warning[203] D:\ESCUELA\SEMESTRE 23-2\LABMICROS\PREVIOS\P5\J2.ASM 26 : Found opcode in column 1. (MOVLW)
Warning[203] D:\ESCUELA\SEMESTRE 23-2\LABMICROS\PREVIOS\P5\J2.ASM 27 : Found opcode in column 1. (MOVWF)
Warning[203] D:\ESCUELA\SEMESTRE 23-2\LABMICROS\PREVIOS\P5\J2.ASM 29 : Found opcode in column 1. (MOVF)
Warning[203] D:\ESCUELA\SEMESTRE 23-2\LABMICROS\PREVIOS\P5\J2.ASM 30 : Found opcode in column 1. (ANDLW)
Warning[203] D:\ESCUELA\SEMESTRE 23-2\LABMICROS\PREVIOS\P5\J2.ASM 31 : Found opcode in column 1. (ADDWF)
Warning[203] D:\ESCUELA\SEMESTRE 23-2\LABMICROS\PREVIOS\P5\J2.ASM 32 : Found opcode in column 1. (GOTO)
Warning[203] D:\ESCUELA\SEMESTRE 23-2\LABMICROS\PREVIOS\P5\J2.ASM 33 : Found opcode in column 1. (GOTO)
Warning[203] D:\ESCUELA\SEMESTRE 23-2\LABMICROS\PREVIOS\P5\J2.ASM 34 : Found opcode in column 1. (GOTO)
Warning[203] D:\ESCUELA\SEMESTRE 23-2\LABMICROS\PREVIOS\P5\J2.ASM 35 : Found opcode in column 1. (GOTO)
Warning[203] D:\ESCUELA\SEMESTRE 23-2\LABMICROS\PREVIOS\P5\J2.ASM 36 : Found opcode in column 1. (GOTO)
Warning[203] D:\ESCUELA\SEMESTRE 23-2\LABMICROS\PREVIOS\P5\J2.ASM 37 : Found opcode in column 1. (GOTO)
Warning[203] D:\ESCUELA\SEMESTRE 23-2\LABMICROS\PREVIOS\P5\J2.ASM 38 : Found opcode in column 1. (GOTO)
Warning[203] D:\ESCUELA\SEMESTRE 23-2\LABMICROS\PREVIOS\P5\J2.ASM 39 : Found opcode in column 1. (GOTO)
Warning[203] D:\ESCUELA\SEMESTRE 23-2\LABMICROS\PREVIOS\P5\J2.ASM 41 : Found opcode in column 1. (CLRF)
Warning[203] D:\ESCUELA\SEMESTRE 23-2\LABMICROS\PREVIOS\P5\J2.ASM 42 : Found opcode in column 1. (GOTO)
Warning[203] D:\ESCUELA\SEMESTRE 23-2\LABMICROS\PREVIOS\P5\J2.ASM 44 : Found opcode in column 1. (MOVLW)
Warning[203] D:\ESCUELA\SEMESTRE 23-2\LABMICROS\PREVIOS\P5\J2.ASM 45 : Found opcode in column 1. (MOVWF)
Warning[203] D:\ESCUELA\SEMESTRE 23-2\LABMICROS\PREVIOS\P5\J2.ASM 46 : Found opcode in column 1. (BCF)
Warning[203] D:\ESCUELA\SEMESTRE 23-2\LABMICROS\PREVIOS\P5\J2.ASM 48 : Found opcode in column 1. (CALL)
Warning[203] D:\ESCUELA\SEMESTRE 23-2\LABMICROS\PREVIOS\P5\J2.ASM 49 : Found opcode in column 1. (RRF)
Warning[203] D:\ESCUELA\SEMESTRE 23-2\LABMICROS\PREVIOS\P5\J2.ASM 50 : Found opcode in column 1. (BTFSS)
Warning[203] D:\ESCUELA\SEMESTRE 23-2\LABMICROS\PREVIOS\P5\J2.ASM 51 : Found opcode in column 1. (GOTO)
Warning[203] D:\ESCUELA\SEMESTRE 23-2\LABMICROS\PREVIOS\P5\J2.ASM 52 : Found opcode in column 1. (GOTO)
Warning[203] D:\ESCUELA\SEMESTRE 23-2\LABMICROS\PREVIOS\P5\J2.ASM 54 : Found opcode in column 1. (MOVLW)
Warning[203] D:\ESCUELA\SEMESTRE 23-2\LABMICROS\PREVIOS\P5\J2.ASM 55 : Found opcode in column 1. (MOVWF)
Warning[203] D:\ESCUELA\SEMESTRE 23-2\LABMICROS\PREVIOS\P5\J2.ASM 56 : Found opcode in column 1. (BCF)
Warning[203] D:\ESCUELA\SEMESTRE 23-2\LABMICROS\PREVIOS\P5\J2.ASM 58 : Found opcode in column 1. (CALL)
Warning[203] D:\ESCUELA\SEMESTRE 23-2\LABMICROS\PREVIOS\P5\J2.ASM 59 : Found opcode in column 1. (RLF)
Warning[203] D:\ESCUELA\SEMESTRE 23-2\LABMICROS\PREVIOS\P5\J2.ASM 60 : Found opcode in column 1. (BTFSS)
Warning[203] D:\ESCUELA\SEMESTRE 23-2\LABMICROS\PREVIOS\P5\J2.ASM 61 : Found opcode in column 1. (GOTO)
Warning[203] D:\ESCUELA\SEMESTRE 23-2\LABMICROS\PREVIOS\P5\J2.ASM 62 : Found opcode in column 1. (GOTO)
Warning[203] D:\ESCUELA\SEMESTRE 23-2\LABMICROS\PREVIOS\P5\J2.ASM 64 : Found opcode in column 1. (MOVLW)
Warning[203] D:\ESCUELA\SEMESTRE 23-2\LABMICROS\PREVIOS\P5\J2.ASM 65 : Found opcode in column 1. (MOVWF)
Warning[203] D:\ESCUELA\SEMESTRE 23-2\LABMICROS\PREVIOS\P5\J2.ASM 67 : Found opcode in column 1. (MOVLW)
Warning[203] D:\ESCUELA\SEMESTRE 23-2\LABMICROS\PREVIOS\P5\J2.ASM 68 : Found opcode in column 1. (MOVWF)
Warning[203] D:\ESCUELA\SEMESTRE 23-2\LABMICROS\PREVIOS\P5\J2.ASM 69 : Found opcode in column 1. (BCF)
Warning[203] D:\ESCUELA\SEMESTRE 23-2\LABMICROS\PREVIOS\P5\J2.ASM 71 : Found opcode in column 1. (CALL)
Warning[203] D:\ESCUELA\SEMESTRE 23-2\LABMICROS\PREVIOS\P5\J2.ASM 72 : Found opcode in column 1. (RRF)
Warning[203] D:\ESCUELA\SEMESTRE 23-2\LABMICROS\PREVIOS\P5\J2.ASM 73 : Found opcode in column 1. (BTFSS)
Warning[203] D:\ESCUELA\SEMESTRE 23-2\LABMICROS\PREVIOS\P5\J2.ASM 74 : Found opcode in column 1. (GOTO)
Warning[203] D:\ESCUELA\SEMESTRE 23-2\LABMICROS\PREVIOS\P5\J2.ASM 75 : Found opcode in column 1. (DECFSZ)
Message[305] D:\ESCUELA\SEMESTRE 23-2\LABMICROS\PREVIOS\P5\J2.ASM 75 : Using default destination of 1 (file).
Warning[203] D:\ESCUELA\SEMESTRE 23-2\LABMICROS\PREVIOS\P5\J2.ASM 76 : Found opcode in column 1. (GOTO)
Warning[203] D:\ESCUELA\SEMESTRE 23-2\LABMICROS\PREVIOS\P5\J2.ASM 77 : Found opcode in column 1. (GOTO)
Warning[203] D:\ESCUELA\SEMESTRE 23-2\LABMICROS\PREVIOS\P5\J2.ASM 79 : Found opcode in column 1. (MOVLW)
Warning[203] D:\ESCUELA\SEMESTRE 23-2\LABMICROS\PREVIOS\P5\J2.ASM 80 : Found opcode in column 1. (MOVWF)
Warning[203] D:\ESCUELA\SEMESTRE 23-2\LABMICROS\PREVIOS\P5\J2.ASM 82 : Found opcode in column 1. (MOVLW)
Warning[203] D:\ESCUELA\SEMESTRE 23-2\LABMICROS\PREVIOS\P5\J2.ASM 83 : Found opcode in column 1. (MOVWF)
Warning[203] D:\ESCUELA\SEMESTRE 23-2\LABMICROS\PREVIOS\P5\J2.ASM 84 : Found opcode in column 1. (BCF)
Warning[203] D:\ESCUELA\SEMESTRE 23-2\LABMICROS\PREVIOS\P5\J2.ASM 86 : Found opcode in column 1. (CALL)
Warning[203] D:\ESCUELA\SEMESTRE 23-2\LABMICROS\PREVIOS\P5\J2.ASM 87 : Found opcode in column 1. (RLF)
Warning[203] D:\ESCUELA\SEMESTRE 23-2\LABMICROS\PREVIOS\P5\J2.ASM 88 : Found opcode in column 1. (BTFSS)
Warning[203] D:\ESCUELA\SEMESTRE 23-2\LABMICROS\PREVIOS\P5\J2.ASM 89 : Found opcode in column 1. (GOTO)
Warning[203] D:\ESCUELA\SEMESTRE 23-2\LABMICROS\PREVIOS\P5\J2.ASM 90 : Found opcode in column 1. (DECFSZ)
Message[305] D:\ESCUELA\SEMESTRE 23-2\LABMICROS\PREVIOS\P5\J2.ASM 90 : Using default destination of 1 (file).
Warning[203] D:\ESCUELA\SEMESTRE 23-2\LABMICROS\PREVIOS\P5\J2.ASM 91 : Found opcode in column 1. (GOTO)
Warning[203] D:\ESCUELA\SEMESTRE 23-2\LABMICROS\PREVIOS\P5\J2.ASM 92 : Found opcode in column 1. (GOTO)
Warning[203] D:\ESCUELA\SEMESTRE 23-2\LABMICROS\PREVIOS\P5\J2.ASM 94 : Found opcode in column 1. (MOVLW)
Warning[203] D:\ESCUELA\SEMESTRE 23-2\LABMICROS\PREVIOS\P5\J2.ASM 95 : Found opcode in column 1. (MOVWF)
Warning[203] D:\ESCUELA\SEMESTRE 23-2\LABMICROS\PREVIOS\P5\J2.ASM 97 : Found opcode in column 1. (MOVLW)
Warning[203] D:\ESCUELA\SEMESTRE 23-2\LABMICROS\PREVIOS\P5\J2.ASM 98 : Found opcode in column 1. (MOVWF)
Warning[203] D:\ESCUELA\SEMESTRE 23-2\LABMICROS\PREVIOS\P5\J2.ASM 100 : Found opcode in column 1. (MOVLW)
Warning[203] D:\ESCUELA\SEMESTRE 23-2\LABMICROS\PREVIOS\P5\J2.ASM 101 : Found opcode in column 1. (MOVWF)
Warning[203] D:\ESCUELA\SEMESTRE 23-2\LABMICROS\PREVIOS\P5\J2.ASM 103 : Found opcode in column 1. (DECFSZ)
Message[305] D:\ESCUELA\SEMESTRE 23-2\LABMICROS\PREVIOS\P5\J2.ASM 103 : Using default destination of 1 (file).
Warning[203] D:\ESCUELA\SEMESTRE 23-2\LABMICROS\PREVIOS\P5\J2.ASM 104 : Found opcode in column 1. (GOTO)
Warning[203] D:\ESCUELA\SEMESTRE 23-2\LABMICROS\PREVIOS\P5\J2.ASM 105 : Found opcode in column 1. (DECFSZ)
Message[305] D:\ESCUELA\SEMESTRE 23-2\LABMICROS\PREVIOS\P5\J2.ASM 105 : Using default destination of 1 (file).
Warning[203] D:\ESCUELA\SEMESTRE 23-2\LABMICROS\PREVIOS\P5\J2.ASM 106 : Found opcode in column 1. (GOTO)
Warning[203] D:\ESCUELA\SEMESTRE 23-2\LABMICROS\PREVIOS\P5\J2.ASM 107 : Found opcode in column 1. (DECFSZ)
Message[305] D:\ESCUELA\SEMESTRE 23-2\LABMICROS\PREVIOS\P5\J2.ASM 107 : Using default destination of 1 (file).
Warning[203] D:\ESCUELA\SEMESTRE 23-2\LABMICROS\PREVIOS\P5\J2.ASM 108 : Found opcode in column 1. (GOTO)
Warning[203] D:\ESCUELA\SEMESTRE 23-2\LABMICROS\PREVIOS\P5\J2.ASM 109 : Found opcode in column 1. (RETURN)
Warning[205] D:\ESCUELA\SEMESTRE 23-2\LABMICROS\PREVIOS\P5\J2.ASM 110 : Found directive in column 1. (END)
