MPASM  5.51                            J2.ASM   4-28-2023  16:01:47         PAGE  1


LOC  OBJECT CODE     LINE SOURCE TEXT
  VALUE

Warning[205]: Found directive in column 1. (processor)
Warning[215]: Processor superseded by command line.  Verify processor symbol.
                      00001 processor 16f877A
Warning[205]: Found directive in column 1. (include)
                      00002 include <p16f877a.inc>
                      00001         LIST
                      00002 
                      00003 ;==========================================================================
                      00004 ;  MPASM PIC16F877A processor include
                      00005 ; 
                      00006 ;  (c) Copyright 1999-2013 Microchip Technology, All rights reserved
                      00007 ;==========================================================================
                      00008 
Message[301]: MESSAGE: (Processor-header file mismatch.  Verify selected processor.)
                      00566         LIST
  00000021            00003 valor1 equ h'21'
  00000022            00004 valor2 equ h'22'
  00000023            00005 valor3 equ h'23'
  00000080            00006 cte1 equ 0x80
  00000050            00007 cte2 equ 50h
  00000060            00008 cte3 equ 60h
  00000024            00009 vueltas5 equ h'24'
  00000025            00010 vueltas10 equ h'25'
Warning[205]: Found directive in column 1. (ORG)
0000                  00011 ORG 0
Warning[203]: Found opcode in column 1. (GOTO)
0000   2805           00012 GOTO INICIO
Warning[205]: Found directive in column 1. (ORG)
0005                  00013 ORG 5
0005                  00014 INICIO:
Warning[203]: Found opcode in column 1. (CLRF)
0005   0185           00015 CLRF PORTA ; Limpia PORTA
Warning[203]: Found opcode in column 1. (BSF)
0006   1683           00016 BSF STATUS,RP0 ; Cambia a banco 1
Warning[203]: Found opcode in column 1. (BCF)
0007   1303           00017 BCF STATUS,RP1
Warning[203]: Found opcode in column 1. (MOVLW)
0008   3006           00018 MOVLW 06H ; Define puertos A y E como digitales
Warning[203]: Found opcode in column 1. (MOVWF)
Message[302]: Register in operand not in bank 0.  Ensure that bank bits are correct.
0009   009F           00019 MOVWF ADCON1
Warning[203]: Found opcode in column 1. (MOVLW)
000A   303F           00020 MOVLW H'3F' ; Configura puerto A como entrada
Warning[203]: Found opcode in column 1. (MOVWF)
Message[302]: Register in operand not in bank 0.  Ensure that bank bits are correct.
000B   0085           00021 MOVWF TRISA
Warning[203]: Found opcode in column 1. (MOVLW)
000C   3000           00022 MOVLW H'00' ; configura puerto B como salida
Warning[203]: Found opcode in column 1. (MOVWF)
Message[302]: Register in operand not in bank 0.  Ensure that bank bits are correct.
000D   0086           00023 MOVWF TRISB
Warning[203]: Found opcode in column 1. (BCF)
000E   1283           00024 BCF STATUS,RP0 ; Cambia al banco 0
MPASM  5.51                            J2.ASM   4-28-2023  16:01:47         PAGE  2


LOC  OBJECT CODE     LINE SOURCE TEXT
  VALUE

Warning[203]: Found opcode in column 1. (CLRF)
000F   0186           00025 CLRF PORTB
Warning[203]: Found opcode in column 1. (MOVLW)
0010   300C           00026 MOVLW B'00001100'
Warning[203]: Found opcode in column 1. (MOVWF)
0011   0086           00027 MOVWF PORTB
0012                  00028 CICLO:
Warning[203]: Found opcode in column 1. (MOVF)
0012   0805           00029 MOVF PORTA,W ; se usan las entradas de A
Warning[203]: Found opcode in column 1. (ANDLW)
0013   3907           00030 ANDLW 0X07
Warning[203]: Found opcode in column 1. (ADDWF)
0014   0782           00031 ADDWF PCL,F
Warning[203]: Found opcode in column 1. (GOTO)
0015   281D           00032 GOTO CERO
Warning[203]: Found opcode in column 1. (GOTO)
0016   281F           00033 GOTO UNO
Warning[203]: Found opcode in column 1. (GOTO)
0017   2827           00034 GOTO DOS
Warning[203]: Found opcode in column 1. (GOTO)
0018   282F           00035 GOTO TRES
Warning[203]: Found opcode in column 1. (GOTO)
0019   283B           00036 GOTO CUATRO
Warning[203]: Found opcode in column 1. (GOTO)
001A   281D           00037 GOTO CERO
Warning[203]: Found opcode in column 1. (GOTO)
001B   281D           00038 GOTO CERO
Warning[203]: Found opcode in column 1. (GOTO)
001C   281D           00039 GOTO CERO
001D                  00040 CERO: ; motor parado, limpia salida
Warning[203]: Found opcode in column 1. (CLRF)
001D   0186           00041 CLRF PORTB
Warning[203]: Found opcode in column 1. (GOTO)
001E   2812           00042 GOTO CICLO
001F                  00043 UNO: ; motor gira horario, una vuelta y checa
Warning[203]: Found opcode in column 1. (MOVLW)
001F   3080           00044 MOVLW 0x80
Warning[203]: Found opcode in column 1. (MOVWF)
0020   0086           00045 MOVWF PORTB
Warning[203]: Found opcode in column 1. (BCF)
0021   1003           00046 BCF STATUS,C
0022                  00047 UNO_REP: ; hace 4 pasos para dar una vuelta al motor
Warning[203]: Found opcode in column 1. (CALL)
0022   2047           00048 CALL RETARDO
Warning[203]: Found opcode in column 1. (RRF)
0023   0C86           00049 RRF PORTB,F ; corrimiento derecha
Warning[203]: Found opcode in column 1. (BTFSS)
0024   1C03           00050 BTFSS STATUS,C ; checa si se llego al limite
Warning[203]: Found opcode in column 1. (GOTO)
0025   2822           00051 GOTO UNO_REP ; repite
Warning[203]: Found opcode in column 1. (GOTO)
0026   2812           00052 GOTO CICLO
0027                  00053 DOS: ; motor gira antihorario, una vuelta y
MPASM  5.51                            J2.ASM   4-28-2023  16:01:47         PAGE  3


LOC  OBJECT CODE     LINE SOURCE TEXT
  VALUE

Warning[203]: Found opcode in column 1. (MOVLW)
0027   3010           00054 MOVLW 0x10 ; vuelve a checar
Warning[203]: Found opcode in column 1. (MOVWF)
0028   0086           00055 MOVWF PORTB
Warning[203]: Found opcode in column 1. (BCF)
0029   1003           00056 BCF STATUS,C
002A                  00057 DOS_REP: ; hace 4 pasos para dar una vuelta al motor
Warning[203]: Found opcode in column 1. (CALL)
002A   2047           00058 CALL RETARDO
Warning[203]: Found opcode in column 1. (RLF)
002B   0D86           00059 RLF PORTB,F ; corrimiento izquierda
Warning[203]: Found opcode in column 1. (BTFSS)
002C   1E06           00060 BTFSS PORTB,4 ; checa si se llego al limite
Warning[203]: Found opcode in column 1. (GOTO)
002D   282A           00061 GOTO DOS_REP ; repite
Warning[203]: Found opcode in column 1. (GOTO)
002E   2812           00062 GOTO CICLO
002F                  00063 TRES: ; 5 vueltas en sentido horario
Warning[203]: Found opcode in column 1. (MOVLW)
002F   3005           00064 MOVLW 0x05 ; se carga el contador con 5
Warning[203]: Found opcode in column 1. (MOVWF)
0030   00A4           00065 MOVWF vueltas5
0031                  00066 TRES_ITER: ; una iteración para cada una de las
Warning[203]: Found opcode in column 1. (MOVLW)
0031   3080           00067 MOVLW 0x80 ; cinco vueltas
Warning[203]: Found opcode in column 1. (MOVWF)
0032   0086           00068 MOVWF PORTB
Warning[203]: Found opcode in column 1. (BCF)
0033   1003           00069 BCF STATUS,C
0034                  00070 TRES_VUELTA: ; hace 4 pasos por vuelta
Warning[203]: Found opcode in column 1. (CALL)
0034   2047           00071 CALL RETARDO
Warning[203]: Found opcode in column 1. (RRF)
0035   0C86           00072 RRF PORTB,F ; corrimiento derecha
Warning[203]: Found opcode in column 1. (BTFSS)
0036   1C03           00073 BTFSS STATUS,C ; checa si se llego al limite
Warning[203]: Found opcode in column 1. (GOTO)
0037   2834           00074 GOTO TRES_VUELTA
Warning[203]: Found opcode in column 1. (DECFSZ)
Message[305]: Using default destination of 1 (file).
0038   0BA4           00075 DECFSZ vueltas5 ; checa si ya se hicieron 5 vueltas
Warning[203]: Found opcode in column 1. (GOTO)
0039   2831           00076 GOTO TRES_ITER
Warning[203]: Found opcode in column 1. (GOTO)
003A   2812           00077 GOTO CICLO
003B                  00078 CUATRO: ; 10 vueltas en sentido antihorario
Warning[203]: Found opcode in column 1. (MOVLW)
003B   300A           00079 MOVLW 0x0A ; contador se inicia en 10
Warning[203]: Found opcode in column 1. (MOVWF)
003C   00A5           00080 MOVWF vueltas10
003D                  00081 CUATRO_ITER: ; una iteración por vuelta completa
Warning[203]: Found opcode in column 1. (MOVLW)
003D   3010           00082 MOVLW 0x10
MPASM  5.51                            J2.ASM   4-28-2023  16:01:47         PAGE  4


LOC  OBJECT CODE     LINE SOURCE TEXT
  VALUE

Warning[203]: Found opcode in column 1. (MOVWF)
003E   0086           00083 MOVWF PORTB
Warning[203]: Found opcode in column 1. (BCF)
003F   1003           00084 BCF STATUS,C
0040                  00085 CUATRO_VUELTA:
Warning[203]: Found opcode in column 1. (CALL)
0040   2047           00086 CALL RETARDO
Warning[203]: Found opcode in column 1. (RLF)
0041   0D86           00087 RLF PORTB,F ; corrimiento izquierda
Warning[203]: Found opcode in column 1. (BTFSS)
0042   1E06           00088 BTFSS PORTB,4 ; checa limite
Warning[203]: Found opcode in column 1. (GOTO)
0043   2840           00089 GOTO CUATRO_VUELTA
Warning[203]: Found opcode in column 1. (DECFSZ)
Message[305]: Using default destination of 1 (file).
0044   0BA5           00090 DECFSZ vueltas10 ; checa si se dieron las 10 vueltas
Warning[203]: Found opcode in column 1. (GOTO)
0045   283D           00091 GOTO CUATRO_ITER
Warning[203]: Found opcode in column 1. (GOTO)
0046   2812           00092 GOTO CICLO
0047                  00093 RETARDO ; subrutina de retardo
Warning[203]: Found opcode in column 1. (MOVLW)
0047   3080           00094 MOVLW cte1
Warning[203]: Found opcode in column 1. (MOVWF)
0048   00A1           00095 MOVWF valor1
0049                  00096 tres
Warning[203]: Found opcode in column 1. (MOVLW)
0049   3050           00097 MOVLW cte2
Warning[203]: Found opcode in column 1. (MOVWF)
004A   00A2           00098 MOVWF valor2
004B                  00099 dos
Warning[203]: Found opcode in column 1. (MOVLW)
004B   3060           00100 MOVLW cte3
Warning[203]: Found opcode in column 1. (MOVWF)
004C   00A3           00101 MOVWF valor3
004D                  00102 uno
Warning[203]: Found opcode in column 1. (DECFSZ)
Message[305]: Using default destination of 1 (file).
004D   0BA3           00103 DECFSZ valor3
Warning[203]: Found opcode in column 1. (GOTO)
004E   284D           00104 GOTO uno
Warning[203]: Found opcode in column 1. (DECFSZ)
Message[305]: Using default destination of 1 (file).
004F   0BA2           00105 DECFSZ valor2
Warning[203]: Found opcode in column 1. (GOTO)
0050   284B           00106 GOTO dos
Warning[203]: Found opcode in column 1. (DECFSZ)
Message[305]: Using default destination of 1 (file).
0051   0BA1           00107 DECFSZ valor1
Warning[203]: Found opcode in column 1. (GOTO)
0052   2849           00108 GOTO tres
Warning[203]: Found opcode in column 1. (RETURN)
0053   0008           00109 RETURN
MPASM  5.51                            J2.ASM   4-28-2023  16:01:47         PAGE  5


LOC  OBJECT CODE     LINE SOURCE TEXT
  VALUE

Warning[205]: Found directive in column 1. (END)
                      00110 END
MPASM  5.51                            J2.ASM   4-28-2023  16:01:47         PAGE  6


SYMBOL TABLE
  LABEL                             VALUE 

ACKDT                             00000005
ACKEN                             00000004
ACKSTAT                           00000006
ADCON0                            0000001F
ADCON1                            0000009F
ADCS0                             00000006
ADCS1                             00000007
ADCS2                             00000006
ADDEN                             00000003
ADFM                              00000007
ADIE                              00000006
ADIF                              00000006
ADON                              00000000
ADRESH                            0000001E
ADRESL                            0000009E
BCLIE                             00000003
BCLIF                             00000003
BF                                00000000
BRGH                              00000002
C                                 00000000
C1INV                             00000004
C1OUT                             00000006
C2INV                             00000005
C2OUT                             00000007
CCP1CON                           00000017
CCP1IE                            00000002
CCP1IF                            00000002
CCP1M0                            00000000
CCP1M1                            00000001
CCP1M2                            00000002
CCP1M3                            00000003
CCP1X                             00000005
CCP1Y                             00000004
CCP2CON                           0000001D
CCP2IE                            00000000
CCP2IF                            00000000
CCP2M0                            00000000
CCP2M1                            00000001
CCP2M2                            00000002
CCP2M3                            00000003
CCP2X                             00000005
CCP2Y                             00000004
CCPR1                             00000015
CCPR1H                            00000016
CCPR1L                            00000015
CCPR2                             0000001B
CCPR2H                            0000001C
CCPR2L                            0000001B
CERO                              0000001D
CHS0                              00000003
CHS1                              00000004
CHS2                              00000005
CICLO                             00000012
MPASM  5.51                            J2.ASM   4-28-2023  16:01:47         PAGE  7


SYMBOL TABLE
  LABEL                             VALUE 

CIS                               00000003
CKE                               00000006
CKP                               00000004
CM0                               00000000
CM1                               00000001
CM2                               00000002
CMCON                             0000009C
CMIE                              00000006
CMIF                              00000006
CREN                              00000004
CSRC                              00000007
CUATRO                            0000003B
CUATRO_ITER                       0000003D
CUATRO_VUELTA                     00000040
CVR0                              00000000
CVR1                              00000001
CVR2                              00000002
CVR3                              00000003
CVRCON                            0000009D
CVREN                             00000007
CVROE                             00000006
CVRR                              00000005
D                                 00000005
DATA_ADDRESS                      00000005
DC                                00000001
DOS                               00000027
DOS_REP                           0000002A
D_A                               00000005
D_NOT_A                           00000005
EEADR                             0000010D
EEADRH                            0000010F
EECON1                            0000018C
EECON2                            0000018D
EEDATA                            0000010C
EEDATH                            0000010E
EEIE                              00000004
EEIF                              00000004
EEPGD                             00000007
F                                 00000001
FERR                              00000002
FSR                               00000004
GCEN                              00000007
GIE                               00000007
GO                                00000002
GO_DONE                           00000002
GO_NOT_DONE                       00000002
I2C_DATA                          00000005
I2C_READ                          00000002
I2C_START                         00000003
I2C_STOP                          00000004
IBF                               00000007
IBOV                              00000005
INDF                              00000000
MPASM  5.51                            J2.ASM   4-28-2023  16:01:47         PAGE  8


SYMBOL TABLE
  LABEL                             VALUE 

INICIO                            00000005
INTCON                            0000000B
INTE                              00000004
INTEDG                            00000006
INTF                              00000001
IRP                               00000007
NOT_A                             00000005
NOT_ADDRESS                       00000005
NOT_BO                            00000000
NOT_BOR                           00000000
NOT_DONE                          00000002
NOT_PD                            00000003
NOT_POR                           00000001
NOT_RBPU                          00000007
NOT_RC8                           00000006
NOT_T1SYNC                        00000002
NOT_TO                            00000004
NOT_TX8                           00000006
NOT_W                             00000002
NOT_WRITE                         00000002
OBF                               00000006
OERR                              00000001
OPTION_REG                        00000081
P                                 00000004
PCFG0                             00000000
PCFG1                             00000001
PCFG2                             00000002
PCFG3                             00000003
PCL                               00000002
PCLATH                            0000000A
PCON                              0000008E
PEIE                              00000006
PEN                               00000002
PIE1                              0000008C
PIE2                              0000008D
PIR1                              0000000C
PIR2                              0000000D
PORTA                             00000005
PORTB                             00000006
PORTC                             00000007
PORTD                             00000008
PORTE                             00000009
PR2                               00000092
PS0                               00000000
PS1                               00000001
PS2                               00000002
PSA                               00000003
PSPIE                             00000007
PSPIF                             00000007
PSPMODE                           00000004
R                                 00000002
RA0                               00000000
RA1                               00000001
MPASM  5.51                            J2.ASM   4-28-2023  16:01:47         PAGE  9


SYMBOL TABLE
  LABEL                             VALUE 

RA2                               00000002
RA3                               00000003
RA4                               00000004
RA5                               00000005
RB0                               00000000
RB1                               00000001
RB2                               00000002
RB3                               00000003
RB4                               00000004
RB5                               00000005
RB6                               00000006
RB7                               00000007
RBIE                              00000003
RBIF                              00000000
RC0                               00000000
RC1                               00000001
RC2                               00000002
RC3                               00000003
RC4                               00000004
RC5                               00000005
RC6                               00000006
RC7                               00000007
RC8_9                             00000006
RC9                               00000006
RCD8                              00000000
RCEN                              00000003
RCIE                              00000005
RCIF                              00000005
RCREG                             0000001A
RCSTA                             00000018
RD                                00000000
RD0                               00000000
RD1                               00000001
RD2                               00000002
RD3                               00000003
RD4                               00000004
RD5                               00000005
RD6                               00000006
RD7                               00000007
RE0                               00000000
RE1                               00000001
RE2                               00000002
READ_WRITE                        00000002
RETARDO                           00000047
RP0                               00000005
RP1                               00000006
RSEN                              00000001
RX9                               00000006
RX9D                              00000000
R_NOT_W                           00000002
R_W                               00000002
S                                 00000003
SEN                               00000000
MPASM  5.51                            J2.ASM   4-28-2023  16:01:47         PAGE 10


SYMBOL TABLE
  LABEL                             VALUE 

SMP                               00000007
SPBRG                             00000099
SPEN                              00000007
SREN                              00000005
SSPADD                            00000093
SSPBUF                            00000013
SSPCON                            00000014
SSPCON2                           00000091
SSPEN                             00000005
SSPIE                             00000003
SSPIF                             00000003
SSPM0                             00000000
SSPM1                             00000001
SSPM2                             00000002
SSPM3                             00000003
SSPOV                             00000006
SSPSTAT                           00000094
STATUS                            00000003
SYNC                              00000004
T0CS                              00000005
T0IE                              00000005
T0IF                              00000002
T0SE                              00000004
T1CKPS0                           00000004
T1CKPS1                           00000005
T1CON                             00000010
T1INSYNC                          00000002
T1OSCEN                           00000003
T1SYNC                            00000002
T2CKPS0                           00000000
T2CKPS1                           00000001
T2CON                             00000012
TMR0                              00000001
TMR0IE                            00000005
TMR0IF                            00000002
TMR1                              0000000E
TMR1CS                            00000001
TMR1H                             0000000F
TMR1IE                            00000000
TMR1IF                            00000000
TMR1L                             0000000E
TMR1ON                            00000000
TMR2                              00000011
TMR2IE                            00000001
TMR2IF                            00000001
TMR2ON                            00000002
TOUTPS0                           00000003
TOUTPS1                           00000004
TOUTPS2                           00000005
TOUTPS3                           00000006
TRES                              0000002F
TRES_ITER                         00000031
TRES_VUELTA                       00000034
MPASM  5.51                            J2.ASM   4-28-2023  16:01:47         PAGE 11


SYMBOL TABLE
  LABEL                             VALUE 

TRISA                             00000085
TRISA0                            00000000
TRISA1                            00000001
TRISA2                            00000002
TRISA3                            00000003
TRISA4                            00000004
TRISA5                            00000005
TRISB                             00000086
TRISB0                            00000000
TRISB1                            00000001
TRISB2                            00000002
TRISB3                            00000003
TRISB4                            00000004
TRISB5                            00000005
TRISB6                            00000006
TRISB7                            00000007
TRISC                             00000087
TRISC0                            00000000
TRISC1                            00000001
TRISC2                            00000002
TRISC3                            00000003
TRISC4                            00000004
TRISC5                            00000005
TRISC6                            00000006
TRISC7                            00000007
TRISD                             00000088
TRISD0                            00000000
TRISD1                            00000001
TRISD2                            00000002
TRISD3                            00000003
TRISD4                            00000004
TRISD5                            00000005
TRISD6                            00000006
TRISD7                            00000007
TRISE                             00000089
TRISE0                            00000000
TRISE1                            00000001
TRISE2                            00000002
TRMT                              00000001
TX8_9                             00000006
TX9                               00000006
TX9D                              00000000
TXD8                              00000000
TXEN                              00000005
TXIE                              00000004
TXIF                              00000004
TXREG                             00000019
TXSTA                             00000098
UA                                00000001
UNO                               0000001F
UNO_REP                           00000022
W                                 00000000
WCOL                              00000007
MPASM  5.51                            J2.ASM   4-28-2023  16:01:47         PAGE 12


SYMBOL TABLE
  LABEL                             VALUE 

WR                                00000001
WREN                              00000002
WRERR                             00000003
Z                                 00000002
_BODEN_OFF                        00003FBF
_BODEN_ON                         00003FFF
_BOREN_OFF                        00003FBF
_BOREN_ON                         00003FFF
_CONFIG                           00002007
_CPD_OFF                          00003FFF
_CPD_ON                           00003EFF
_CP_ALL                           00001FFF
_CP_OFF                           00003FFF
_CP_ON                            00001FFF
_DEBUG_OFF                        00003FFF
_DEBUG_ON                         000037FF
_DEVID1                           00002006
_FOSC_EXTRC                       00003FFF
_FOSC_HS                          00003FFE
_FOSC_LP                          00003FFC
_FOSC_XT                          00003FFD
_HS_OSC                           00003FFE
_IDLOC0                           00002000
_IDLOC1                           00002001
_IDLOC2                           00002002
_IDLOC3                           00002003
_LP_OSC                           00003FFC
_LVP_OFF                          00003F7F
_LVP_ON                           00003FFF
_PWRTE_OFF                        00003FFF
_PWRTE_ON                         00003FF7
_RC_OSC                           00003FFF
_WDTE_OFF                         00003FFB
_WDTE_ON                          00003FFF
_WDT_OFF                          00003FFB
_WDT_ON                           00003FFF
_WRT_1FOURTH                      00003BFF
_WRT_256                          00003DFF
_WRT_HALF                         000039FF
_WRT_OFF                          00003FFF
_XT_OSC                           00003FFD
__16F877                          00000001
cte1                              00000080
cte2                              00000050
cte3                              00000060
dos                               0000004B
tres                              00000049
uno                               0000004D
valor1                            00000021
valor2                            00000022
valor3                            00000023
vueltas10                         00000025
vueltas5                          00000024
MPASM  5.51                            J2.ASM   4-28-2023  16:01:47         PAGE 13


MEMORY USAGE MAP ('X' = Used,  '-' = Unused)


0000 : X----XXXXXXXXXXX XXXXXXXXXXXXXXXX XXXXXXXXXXXXXXXX XXXXXXXXXXXXXXXX
0040 : XXXXXXXXXXXXXXXX XXXX------------ ---------------- ----------------

All other memory blocks unused.

Program Memory Words Used:    80
Program Memory Words Free:  8112


Errors   :     0
Warnings :    86 reported,     0 suppressed
Messages :     9 reported,     0 suppressed

