MPASM  5.51                          JEJ1.ASM   3-31-2023  16:18:38         PAGE  1


LOC  OBJECT CODE     LINE SOURCE TEXT
  VALUE

Warning[205]: Found directive in column 1. (processor)
                      00001 processor 16f877 
Warning[205]: Found directive in column 1. (include)
                      00002 include <p16f877.inc>
                      00001         LIST
                      00002 
                      00003 ;==========================================================================
                      00004 ;  MPASM PIC16F877 processor include
                      00005 ; 
                      00006 ;  (c) Copyright 1999-2013 Microchip Technology, All rights reserved
                      00007 ;==========================================================================
                      00008 
                      00540         LIST
Warning[207]: Found label after column 1. (VALOR1)
  00000021            00003         VALOR1 equ h'21' 
Warning[207]: Found label after column 1. (VALOR2)
  00000022            00004         VALOR2 equ h'22' 
Warning[207]: Found label after column 1. (VALOR3)
  00000023            00005         VALOR3 equ h'23' 
Warning[207]: Found label after column 1. (CTE1)
  00000020            00006         CTE1 equ 20h 
Warning[207]: Found label after column 1. (CTE2)
  00000020            00007         CTE2 equ 20h 
Warning[207]: Found label after column 1. (CTE3)
  00000020            00008         CTE3 equ 20h
0000                  00009         ORG 0
0000   2805           00010         GOTO INICIO
0005                  00011         ORG 5
                      00012 ;Configura a B como entrada y lo pone en cero 
0005                  00013 INICIO: 
0005   0185           00014         CLRF PORTA      ;limpia port A
0006   1683           00015         BSF STATUS,RP0
0007   1303           00016         BCF STATUS,RP1  ;cambiamos de banco de memoria
0008   3006           00017         MOVLW 06H       ;definimos puertos A y E como digitales 
Message[302]: Register in operand not in bank 0.  Ensure that bank bits are correct.
0009   009F           00018         MOVWF ADCON1
000A   303F           00019         MOVLW 0X3F
Message[302]: Register in operand not in bank 0.  Ensure that bank bits are correct.
000B   0085           00020         MOVWF TRISA     ;se configura todo A como entrada
Message[302]: Register in operand not in bank 0.  Ensure that bank bits are correct.
000C   0186           00021         CLRF TRISB      ;se configura B como    salida
000D   1283           00022         BCF STATUS,RP0  ;cambiar al banco 0             
000E   0186           00023         CLRF PORTB      ;limpiar las salidas    de B
000F                  00024 main:
000F   0805           00025         MOVF PORTA,0    ;W<- PORTA
0010   390F           00026         ANDLW B'00001111' ;W<- PORTA && 00000111
0011   0782           00027         ADDWF PCL,F     ;PCL<- PORTA && 00000111
0012   2822           00028         GOTO ACCION0    ;PCL + 0
0013   2824           00029         GOTO ACCION1    ;PCL + 1
0014   2827           00030         GOTO ACCION2    ;PCL + 2
0015   282A           00031         GOTO ACCION3    ;PCL + 3
0016   282D           00032         GOTO ACCION4    ;PCL + 4
0017   2830           00033         GOTO ACCION5    ;PCL + 5
MPASM  5.51                          JEJ1.ASM   3-31-2023  16:18:38         PAGE  2


LOC  OBJECT CODE     LINE SOURCE TEXT
  VALUE

0018   2833           00034         GOTO ACCION6    ;PCL + 6
0019   2836           00035         GOTO ACCION7    ;PCL + 7
001A   2839           00036         GOTO ACCION8    ;PCL + 8
001B   280F           00037         GOTO main       ;PCL + 9
001C   280F           00038         GOTO main       ;PCL + 10
001D   280F           00039         GOTO main       ;PCL + 11
001E   280F           00040         GOTO main       ;PCL + 12
001F   280F           00041         GOTO main       ;PCL + 13
0020   280F           00042         GOTO main       ;PCL + 14
0021   280F           00043         GOTO main       ;PCL + 15
0022                  00044 ACCION0: 
0022   0186           00045         CLRF PORTB      ;limpia todas las salidas 
0023   280F           00046         GOTO main
0024                  00047 ACCION1:
0024   3030           00048         MOVLW 0X30      ;mueve el valor 0x930 a portb 
0025   0086           00049         MOVWF PORTB
0026   280F           00050         GOTO main
0027                  00051 ACCION2:
0027   3028           00052         MOVLW 0X28      ;mueve el valor 0x28 a portb 
0028   0086           00053         MOVWF PORTB
0029   280F           00054         GOTO main
002A                  00055 ACCION3:
002A   3006           00056         MOVLW 0X06      ;mueve el valor 0x06 a portb 
002B   0086           00057         MOVWF PORTB
002C   280F           00058         GOTO main
002D                  00059 ACCION4:
002D   3005           00060         MOVLW 0X05      ;mueve el valor 0x05 a portb 
002E   0086           00061         MOVWF PORTB
002F   280F           00062         GOTO main
0030                  00063 ACCION5:
0030   3036           00064         MOVLW 0X36      ;mueve el valor 0x36 a portb 
0031   0086           00065         MOVWF PORTB
0032   280F           00066         GOTO main
0033                  00067 ACCION6:
0033   302D           00068         MOVLW 0X2D      ;;mueve el valor 0x2D a portb 
0034   0086           00069         MOVWF PORTB
0035   280F           00070         GOTO main
0036                  00071 ACCION7:
0036   3035           00072         MOVLW 0x35      ;;mueve el valor 0x2D a portb 
0037   0086           00073         MOVWF PORTB
0038   280F           00074         GOTO main
0039                  00075 ACCION8:
0039   302E           00076         MOVLW 0x2E      ;;mueve el valor 0x2D a portb 
003A   0086           00077         MOVWF PORTB
003B   280F           00078         GOTO main
003C                  00079 retardo:
003C   3020           00080         MOVLW CTE1 ;W <-- CTE1
003D   00A1           00081         MOVWF VALOR1 ;(VALOR1) <-- CTE1
003E                  00082 TRES 
003E   3020           00083         MOVLW CTE2 ;W <-- CTE2
003F   00A2           00084         MOVWF VALOR2 ;(VALOR2) <-- CTE2
0040                  00085 DOS 
0040   3020           00086         MOVLW CTE3 ;W <-- CTE3
MPASM  5.51                          JEJ1.ASM   3-31-2023  16:18:38         PAGE  3


LOC  OBJECT CODE     LINE SOURCE TEXT
  VALUE

0041   00A3           00087         MOVWF VALOR3 ;(VALOR3) <-- CTE3
0042                  00088 UNO 
Message[305]: Using default destination of 1 (file).
0042   0BA3           00089         DECFSZ VALOR3 ;(VALOR3)--, ?VALOR3 = 0?
0043   2842           00090         GOTO UNO ;NO, VE A UNO
Message[305]: Using default destination of 1 (file).
0044   0BA2           00091         DECFSZ VALOR2 ;SI, ?VALOR2 = 0?
0045   2840           00092         GOTO DOS ;NO, VE A DOS
Message[305]: Using default destination of 1 (file).
0046   0BA1           00093         DECFSZ VALOR1 ;SI, ?VALOR1 = 0?
0047   283E           00094         GOTO TRES ;NO, VE A TRES
0048   0008           00095 EXT RETURN ;SI, SALE
                      00096         END
MPASM  5.51                          JEJ1.ASM   3-31-2023  16:18:38         PAGE  4


SYMBOL TABLE
  LABEL                             VALUE 

ACCION0                           00000022
ACCION1                           00000024
ACCION2                           00000027
ACCION3                           0000002A
ACCION4                           0000002D
ACCION5                           00000030
ACCION6                           00000033
ACCION7                           00000036
ACCION8                           00000039
ACKDT                             00000005
ACKEN                             00000004
ACKSTAT                           00000006
ADCON0                            0000001F
ADCON1                            0000009F
ADCS0                             00000006
ADCS1                             00000007
ADDEN                             00000003
ADFM                              00000007
ADIE                              00000006
ADIF                              00000006
ADON                              00000000
ADRESH                            0000001E
ADRESL                            0000009E
BCLIE                             00000003
BCLIF                             00000003
BF                                00000000
BRGH                              00000002
C                                 00000000
CCP1CON                           00000017
CCP1IE                            00000002
CCP1IF                            00000002
CCP1M0                            00000000
CCP1M1                            00000001
CCP1M2                            00000002
CCP1M3                            00000003
CCP1X                             00000005
CCP1Y                             00000004
CCP2CON                           0000001D
CCP2IE                            00000000
CCP2IF                            00000000
CCP2M0                            00000000
CCP2M1                            00000001
CCP2M2                            00000002
CCP2M3                            00000003
CCP2X                             00000005
CCP2Y                             00000004
CCPR1                             00000015
CCPR1H                            00000016
CCPR1L                            00000015
CCPR2                             0000001B
CCPR2H                            0000001C
CCPR2L                            0000001B
CHS0                              00000003
MPASM  5.51                          JEJ1.ASM   3-31-2023  16:18:38         PAGE  5


SYMBOL TABLE
  LABEL                             VALUE 

CHS1                              00000004
CHS2                              00000005
CKE                               00000006
CKP                               00000004
CREN                              00000004
CSRC                              00000007
CTE1                              00000020
CTE2                              00000020
CTE3                              00000020
D                                 00000005
DATA_ADDRESS                      00000005
DC                                00000001
DOS                               00000040
D_A                               00000005
D_NOT_A                           00000005
EEADR                             0000010D
EEADRH                            0000010F
EECON1                            0000018C
EECON2                            0000018D
EEDATA                            0000010C
EEDATH                            0000010E
EEIE                              00000004
EEIF                              00000004
EEPGD                             00000007
EXT                               00000048
F                                 00000001
FERR                              00000002
FSR                               00000004
GCEN                              00000007
GIE                               00000007
GO                                00000002
GO_DONE                           00000002
GO_NOT_DONE                       00000002
I2C_DATA                          00000005
I2C_READ                          00000002
I2C_START                         00000003
I2C_STOP                          00000004
IBF                               00000007
IBOV                              00000005
INDF                              00000000
INICIO                            00000005
INTCON                            0000000B
INTE                              00000004
INTEDG                            00000006
INTF                              00000001
IRP                               00000007
NOT_A                             00000005
NOT_ADDRESS                       00000005
NOT_BO                            00000000
NOT_BOR                           00000000
NOT_DONE                          00000002
NOT_PD                            00000003
NOT_POR                           00000001
MPASM  5.51                          JEJ1.ASM   3-31-2023  16:18:38         PAGE  6


SYMBOL TABLE
  LABEL                             VALUE 

NOT_RBPU                          00000007
NOT_RC8                           00000006
NOT_T1SYNC                        00000002
NOT_TO                            00000004
NOT_TX8                           00000006
NOT_W                             00000002
NOT_WRITE                         00000002
OBF                               00000006
OERR                              00000001
OPTION_REG                        00000081
P                                 00000004
PCFG0                             00000000
PCFG1                             00000001
PCFG2                             00000002
PCFG3                             00000003
PCL                               00000002
PCLATH                            0000000A
PCON                              0000008E
PEIE                              00000006
PEN                               00000002
PIE1                              0000008C
PIE2                              0000008D
PIR1                              0000000C
PIR2                              0000000D
PORTA                             00000005
PORTB                             00000006
PORTC                             00000007
PORTD                             00000008
PORTE                             00000009
PR2                               00000092
PS0                               00000000
PS1                               00000001
PS2                               00000002
PSA                               00000003
PSPIE                             00000007
PSPIF                             00000007
PSPMODE                           00000004
R                                 00000002
RA0                               00000000
RA1                               00000001
RA2                               00000002
RA3                               00000003
RA4                               00000004
RA5                               00000005
RB0                               00000000
RB1                               00000001
RB2                               00000002
RB3                               00000003
RB4                               00000004
RB5                               00000005
RB6                               00000006
RB7                               00000007
RBIE                              00000003
MPASM  5.51                          JEJ1.ASM   3-31-2023  16:18:38         PAGE  7


SYMBOL TABLE
  LABEL                             VALUE 

RBIF                              00000000
RC0                               00000000
RC1                               00000001
RC2                               00000002
RC3                               00000003
RC4                               00000004
RC5                               00000005
RC6                               00000006
RC7                               00000007
RC8_9                             00000006
RC9                               00000006
RCD8                              00000000
RCEN                              00000003
RCIE                              00000005
RCIF                              00000005
RCREG                             0000001A
RCSTA                             00000018
RD                                00000000
RD0                               00000000
RD1                               00000001
RD2                               00000002
RD3                               00000003
RD4                               00000004
RD5                               00000005
RD6                               00000006
RD7                               00000007
RE0                               00000000
RE1                               00000001
RE2                               00000002
READ_WRITE                        00000002
RP0                               00000005
RP1                               00000006
RSEN                              00000001
RX9                               00000006
RX9D                              00000000
R_NOT_W                           00000002
R_W                               00000002
S                                 00000003
SEN                               00000000
SMP                               00000007
SPBRG                             00000099
SPEN                              00000007
SREN                              00000005
SSPADD                            00000093
SSPBUF                            00000013
SSPCON                            00000014
SSPCON2                           00000091
SSPEN                             00000005
SSPIE                             00000003
SSPIF                             00000003
SSPM0                             00000000
SSPM1                             00000001
SSPM2                             00000002
MPASM  5.51                          JEJ1.ASM   3-31-2023  16:18:38         PAGE  8


SYMBOL TABLE
  LABEL                             VALUE 

SSPM3                             00000003
SSPOV                             00000006
SSPSTAT                           00000094
STATUS                            00000003
SYNC                              00000004
T0CS                              00000005
T0IE                              00000005
T0IF                              00000002
T0SE                              00000004
T1CKPS0                           00000004
T1CKPS1                           00000005
T1CON                             00000010
T1INSYNC                          00000002
T1OSCEN                           00000003
T1SYNC                            00000002
T2CKPS0                           00000000
T2CKPS1                           00000001
T2CON                             00000012
TMR0                              00000001
TMR0IE                            00000005
TMR0IF                            00000002
TMR1                              0000000E
TMR1CS                            00000001
TMR1H                             0000000F
TMR1IE                            00000000
TMR1IF                            00000000
TMR1L                             0000000E
TMR1ON                            00000000
TMR2                              00000011
TMR2IE                            00000001
TMR2IF                            00000001
TMR2ON                            00000002
TOUTPS0                           00000003
TOUTPS1                           00000004
TOUTPS2                           00000005
TOUTPS3                           00000006
TRES                              0000003E
TRISA                             00000085
TRISA0                            00000000
TRISA1                            00000001
TRISA2                            00000002
TRISA3                            00000003
TRISA4                            00000004
TRISA5                            00000005
TRISB                             00000086
TRISB0                            00000000
TRISB1                            00000001
TRISB2                            00000002
TRISB3                            00000003
TRISB4                            00000004
TRISB5                            00000005
TRISB6                            00000006
TRISB7                            00000007
MPASM  5.51                          JEJ1.ASM   3-31-2023  16:18:38         PAGE  9


SYMBOL TABLE
  LABEL                             VALUE 

TRISC                             00000087
TRISC0                            00000000
TRISC1                            00000001
TRISC2                            00000002
TRISC3                            00000003
TRISC4                            00000004
TRISC5                            00000005
TRISC6                            00000006
TRISC7                            00000007
TRISD                             00000088
TRISD0                            00000000
TRISD1                            00000001
TRISD2                            00000002
TRISD3                            00000003
TRISD4                            00000004
TRISD5                            00000005
TRISD6                            00000006
TRISD7                            00000007
TRISE                             00000089
TRISE0                            00000000
TRISE1                            00000001
TRISE2                            00000002
TRMT                              00000001
TX8_9                             00000006
TX9                               00000006
TX9D                              00000000
TXD8                              00000000
TXEN                              00000005
TXIE                              00000004
TXIF                              00000004
TXREG                             00000019
TXSTA                             00000098
UA                                00000001
UNO                               00000042
VALOR1                            00000021
VALOR2                            00000022
VALOR3                            00000023
W                                 00000000
WCOL                              00000007
WR                                00000001
WREN                              00000002
WRERR                             00000003
Z                                 00000002
_BODEN_OFF                        00003FBF
_BODEN_ON                         00003FFF
_BOREN_OFF                        00003FBF
_BOREN_ON                         00003FFF
_CONFIG                           00002007
_CPD_OFF                          00003FFF
_CPD_ON                           00003EFF
_CP_ALL                           00000FCF
_CP_HALF                          00001FDF
_CP_OFF                           00003FFF
MPASM  5.51                          JEJ1.ASM   3-31-2023  16:18:38         PAGE 10


SYMBOL TABLE
  LABEL                             VALUE 

_CP_UPPER_256                     00002FEF
_DEBUG_OFF                        00003FFF
_DEBUG_ON                         000037FF
_DEVID1                           00002006
_FOSC_EXTRC                       00003FFF
_FOSC_HS                          00003FFE
_FOSC_LP                          00003FFC
_FOSC_XT                          00003FFD
_HS_OSC                           00003FFE
_IDLOC0                           00002000
_IDLOC1                           00002001
_IDLOC2                           00002002
_IDLOC3                           00002003
_LP_OSC                           00003FFC
_LVP_OFF                          00003F7F
_LVP_ON                           00003FFF
_PWRTE_OFF                        00003FFF
_PWRTE_ON                         00003FF7
_RC_OSC                           00003FFF
_WDTE_OFF                         00003FFB
_WDTE_ON                          00003FFF
_WDT_OFF                          00003FFB
_WDT_ON                           00003FFF
_WRT_ENABLE_OFF                   00003DFF
_WRT_ENABLE_ON                    00003FFF
_WRT_OFF                          00003DFF
_WRT_ON                           00003FFF
_XT_OSC                           00003FFD
__16F877                          00000001
main                              0000000F
retardo                           0000003C


MEMORY USAGE MAP ('X' = Used,  '-' = Unused)

0000 : X----XXXXXXXXXXX XXXXXXXXXXXXXXXX XXXXXXXXXXXXXXXX XXXXXXXXXXXXXXXX
0040 : XXXXXXXXX------- ---------------- ---------------- ----------------

All other memory blocks unused.

Program Memory Words Used:    69
Program Memory Words Free:  8123


Errors   :     0
Warnings :     8 reported,     0 suppressed
Messages :     6 reported,     0 suppressed

