MPASM  5.51                          JEJ2.ASM   4-28-2023  16:41:59         PAGE  1


LOC  OBJECT CODE     LINE SOURCE TEXT
  VALUE

Warning[205]: Found directive in column 1. (include)
                      00001 include<p16f877a.inc>
                      00001         LIST
                      00002 
                      00003 ;==========================================================================
                      00004 ;  MPASM PIC16F877A processor include
                      00005 ; 
                      00006 ;  (c) Copyright 1999-2013 Microchip Technology, All rights reserved
                      00007 ;==========================================================================
                      00008 
Message[301]: MESSAGE: (Processor-header file mismatch.  Verify selected processor.)
                      00566         LIST
                      00002 
  00000021            00003 valor1 equ h'21' 
  00000022            00004 valor2 equ h'22' 
  00000023            00005 valor3 equ h'23' 
  000000F0            00006 cte1 equ 0f0h 
  00000012            00007 cte2 equ 12h 
  00000060            00008 cte3 equ 60h 
Warning[205]: Found directive in column 1. (ORG)
0000                  00009 ORG 0
Warning[203]: Found opcode in column 1. (GOTO)
0000   2805           00010 GOTO INICIO 
Warning[205]: Found directive in column 1. (ORG)
0005                  00011 ORG 5
                      00012 
                      00013 ;Configura a B como entrada y lo pone en cero 
0005                  00014 INICIO
0005   0185           00015         CLRF PORTA ;LIMPIA EL PUERTOS A Y B
0006   0186           00016         CLRF PORTB
0007   1683           00017         BSF STATUS,RP0 ;CAMBIA AL BANCO 01
Message[302]: Register in operand not in bank 0.  Ensure that bank bits are correct.
0008   0186           00018         CLRF TRISB ;CONFIGURA LOS PINES DEL PUERTO B COMO SALIDAS
0009   3006           00019         MOVLW 0X06
Message[302]: Register in operand not in bank 0.  Ensure that bank bits are correct.
000A   009F           00020         MOVWF ADCON1 ;CONFIGURA LOS PINES DEL PUERTO A Y E COMO I/O DIGITALES
000B   303F           00021         MOVLW 0X3F
Message[302]: Register in operand not in bank 0.  Ensure that bank bits are correct.
000C   0085           00022         MOVWF TRISA ;PUERTO A COMO ENTRADAS
000D   1283           00023         BCF STATUS,RP0 ;REGRESA AL BANCO 0 
000E                  00024 PRINCIPAL:      ;Programa principal 
000E   0805           00025         MOVF PORTA,0
000F   3A07           00026         XORLW B'00000111' 
0010   0782           00027         ADDWF PCL,F
0011   2819           00028         GOTO APAGADOS   ;No ejecuta nada
0012   281B           00029         GOTO PRIMERA ;Girar en sentido horario 5 segundos
0013   2821           00030         GOTO SEGUNDA ;Girar en sentido antihorario 10 segundos 
0014   282C           00031         GOTO TERCERA ;Girar 5 veces en sentido horarios
0015   2832           00032         GOTO CUARTA     ;Girar en sentido antihorario 10 veces 
0016   283D           00033         GOTO VACIO      ;Nada
0017   283D           00034         GOTO VACIO      ;Nada
0018   283D           00035         GOTO VACIO      ;Nada 
0019                  00036 APAGADOS:
MPASM  5.51                          JEJ2.ASM   4-28-2023  16:41:59         PAGE  2


LOC  OBJECT CODE     LINE SOURCE TEXT
  VALUE

Warning[203]: Found opcode in column 1. (CLRF)
0019   0186           00037 CLRF PORTB 
Warning[203]: Found opcode in column 1. (GOTO)
001A   280E           00038 GOTO PRINCIPAL
001B                  00039 PRIMERA:
Warning[203]: Found opcode in column 1. (CALL)
001B   203F           00040 CALL GIROHORARIO 
Warning[203]: Found opcode in column 1. (CALL)
001C   203F           00041 CALL GIROHORARIO 
Warning[203]: Found opcode in column 1. (CALL)
001D   203F           00042 CALL GIROHORARIO 
Warning[203]: Found opcode in column 1. (CALL)
001E   203F           00043 CALL GIROHORARIO 
Warning[203]: Found opcode in column 1. (CALL)
001F   203F           00044 CALL GIROHORARIO 
Warning[203]: Found opcode in column 1. (GOTO)
0020   280E           00045 GOTO PRINCIPAL
0021                  00046 SEGUNDA:
Warning[203]: Found opcode in column 1. (CALL)
0021   204B           00047 CALL GIROANTIHORARIO 
Warning[203]: Found opcode in column 1. (CALL)
0022   204B           00048 CALL GIROANTIHORARIO 
Warning[203]: Found opcode in column 1. (CALL)
0023   204B           00049 CALL GIROANTIHORARIO 
Warning[203]: Found opcode in column 1. (CALL)
0024   204B           00050 CALL GIROANTIHORARIO 
Warning[203]: Found opcode in column 1. (CALL)
0025   204B           00051 CALL GIROANTIHORARIO 
Warning[203]: Found opcode in column 1. (CALL)
0026   204B           00052 CALL GIROANTIHORARIO 
Warning[203]: Found opcode in column 1. (CALL)
0027   204B           00053 CALL GIROANTIHORARIO 
Warning[203]: Found opcode in column 1. (CALL)
0028   204B           00054 CALL GIROANTIHORARIO 
Warning[203]: Found opcode in column 1. (CALL)
0029   204B           00055 CALL GIROANTIHORARIO 
Warning[203]: Found opcode in column 1. (CALL)
002A   204B           00056 CALL GIROANTIHORARIO 
Warning[203]: Found opcode in column 1. (GOTO)
002B   280E           00057 GOTO PRINCIPAL
002C                  00058 TERCERA:
Warning[203]: Found opcode in column 1. (CALL)
002C   203F           00059 CALL GIROHORARIO 
Warning[203]: Found opcode in column 1. (CALL)
002D   203F           00060 CALL GIROHORARIO 
Warning[203]: Found opcode in column 1. (CALL)
002E   203F           00061 CALL GIROHORARIO 
Warning[203]: Found opcode in column 1. (CALL)
002F   203F           00062 CALL GIROHORARIO 
Warning[203]: Found opcode in column 1. (CALL)
0030   203F           00063 CALL GIROHORARIO 
Warning[203]: Found opcode in column 1. (GOTO)
0031   280E           00064 GOTO PRINCIPAL
MPASM  5.51                          JEJ2.ASM   4-28-2023  16:41:59         PAGE  3


LOC  OBJECT CODE     LINE SOURCE TEXT
  VALUE

0032                  00065 CUARTA:
Warning[203]: Found opcode in column 1. (CALL)
0032   204B           00066 CALL GIROANTIHORARIO 
Warning[203]: Found opcode in column 1. (CALL)
0033   204B           00067 CALL GIROANTIHORARIO 
Warning[203]: Found opcode in column 1. (CALL)
0034   204B           00068 CALL GIROANTIHORARIO 
Warning[203]: Found opcode in column 1. (CALL)
0035   204B           00069 CALL GIROANTIHORARIO 
Warning[203]: Found opcode in column 1. (CALL)
0036   204B           00070 CALL GIROANTIHORARIO 
Warning[203]: Found opcode in column 1. (CALL)
0037   204B           00071 CALL GIROANTIHORARIO 
Warning[203]: Found opcode in column 1. (CALL)
0038   204B           00072 CALL GIROANTIHORARIO 
Warning[203]: Found opcode in column 1. (CALL)
0039   204B           00073 CALL GIROANTIHORARIO 
Warning[203]: Found opcode in column 1. (CALL)
003A   204B           00074 CALL GIROANTIHORARIO 
Warning[203]: Found opcode in column 1. (CALL)
003B   204B           00075 CALL GIROANTIHORARIO 
Warning[203]: Found opcode in column 1. (GOTO)
003C   280E           00076 GOTO PRINCIPAL
003D                  00077 VACIO:
Warning[203]: Found opcode in column 1. (CLRF)
003D   0186           00078 CLRF PORTB 
Warning[203]: Found opcode in column 1. (GOTO)
003E   280E           00079 GOTO PRINCIPAL
003F                  00080 GIROHORARIO:    ;Giro horario de 1 segundo 
Warning[203]: Found opcode in column 1. (MOVLW)
003F   3080           00081 MOVLW B'10000000'
Warning[203]: Found opcode in column 1. (MOVWF)
0040   0086           00082 MOVWF PORTB
Warning[203]: Found opcode in column 1. (CALL)
0041   2057           00083 CALL retardo 
Warning[203]: Found opcode in column 1. (MOVLW)
0042   3040           00084 MOVLW B'01000000'
Warning[203]: Found opcode in column 1. (MOVWF)
0043   0086           00085 MOVWF PORTB
Warning[203]: Found opcode in column 1. (CALL)
0044   2057           00086 CALL retardo 
Warning[203]: Found opcode in column 1. (MOVLW)
0045   3020           00087 MOVLW B'00100000'
Warning[203]: Found opcode in column 1. (MOVWF)
0046   0086           00088 MOVWF PORTB
Warning[203]: Found opcode in column 1. (CALL)
0047   2057           00089 CALL retardo 
Warning[203]: Found opcode in column 1. (MOVLW)
0048   3010           00090 MOVLW B'00010000'
Warning[203]: Found opcode in column 1. (MOVWF)
0049   0086           00091 MOVWF PORTB
Warning[203]: Found opcode in column 1. (CALL)
004A   2057           00092 CALL retardo
MPASM  5.51                          JEJ2.ASM   4-28-2023  16:41:59         PAGE  4


LOC  OBJECT CODE     LINE SOURCE TEXT
  VALUE

004B                  00093 GIROANTIHORARIO:        ;Giro antihorario de 1 segundo 
Warning[203]: Found opcode in column 1. (MOVLW)
004B   3010           00094 MOVLW B'00010000'
Warning[203]: Found opcode in column 1. (MOVWF)
004C   0086           00095 MOVWF PORTB
Warning[203]: Found opcode in column 1. (CALL)
004D   2057           00096 CALL retardo 
Warning[203]: Found opcode in column 1. (MOVLW)
004E   3020           00097 MOVLW B'00100000' 
Warning[203]: Found opcode in column 1. (MOVWF)
004F   0086           00098 MOVWF PORTB
Warning[203]: Found opcode in column 1. (CALL)
0050   2057           00099 CALL retardo 
Warning[203]: Found opcode in column 1. (MOVLW)
0051   3040           00100 MOVLW B'01000000'
Warning[203]: Found opcode in column 1. (MOVWF)
0052   0086           00101 MOVWF PORTB
Warning[203]: Found opcode in column 1. (CALL)
0053   2057           00102 CALL retardo 
Warning[203]: Found opcode in column 1. (MOVLW)
0054   3080           00103 MOVLW B'10000000'
Warning[203]: Found opcode in column 1. (MOVWF)
0055   0086           00104 MOVWF PORTB
Warning[203]: Found opcode in column 1. (CALL)
0056   2057           00105 CALL retardo
0057                  00106 retardo:
Warning[203]: Found opcode in column 1. (MOVLW)
0057   30F0           00107 MOVLW cte1 
Warning[203]: Found opcode in column 1. (MOVWF)
0058   00A1           00108 MOVWF valor1
0059                  00109 tres
Warning[203]: Found opcode in column 1. (MOVLW)
0059   3012           00110 MOVLW cte2 
Warning[203]: Found opcode in column 1. (MOVWF)
005A   00A2           00111 MOVWF valor2
005B                  00112 dos
Warning[203]: Found opcode in column 1. (MOVLW)
005B   3060           00113 MOVLW cte3 
Warning[203]: Found opcode in column 1. (MOVWF)
005C   00A3           00114 MOVWF valor3 
005D                  00115 uno     
Warning[203]: Found opcode in column 1. (DECFSZ)
Message[305]: Using default destination of 1 (file).
005D   0BA3           00116 DECFSZ valor3 
Warning[203]: Found opcode in column 1. (GOTO)
005E   285D           00117 GOTO uno 
Warning[203]: Found opcode in column 1. (DECFSZ)
Message[305]: Using default destination of 1 (file).
005F   0BA2           00118 DECFSZ valor2 
Warning[203]: Found opcode in column 1. (GOTO)
0060   285B           00119 GOTO dos 
Warning[203]: Found opcode in column 1. (DECFSZ)
Message[305]: Using default destination of 1 (file).
MPASM  5.51                          JEJ2.ASM   4-28-2023  16:41:59         PAGE  5


LOC  OBJECT CODE     LINE SOURCE TEXT
  VALUE

0061   0BA1           00120 DECFSZ valor1 
Warning[203]: Found opcode in column 1. (GOTO)
0062   2859           00121 GOTO tres 
Warning[203]: Found opcode in column 1. (RETURN)
0063   0008           00122 RETURN
Warning[205]: Found directive in column 1. (END)
                      00123 END
MPASM  5.51                          JEJ2.ASM   4-28-2023  16:41:59         PAGE  6


SYMBOL TABLE
  LABEL                             VALUE 

ACKDT                             00000005
ACKEN                             00000004
ACKSTAT                           00000006
ADCON0                            0000001F
ADCON1                            0000009F
ADCS0                             00000006
ADCS1                             00000007
ADCS2                             00000006
ADDEN                             00000003
ADFM                              00000007
ADIE                              00000006
ADIF                              00000006
ADON                              00000000
ADRESH                            0000001E
ADRESL                            0000009E
APAGADOS                          00000019
BCLIE                             00000003
BCLIF                             00000003
BF                                00000000
BRGH                              00000002
C                                 00000000
C1INV                             00000004
C1OUT                             00000006
C2INV                             00000005
C2OUT                             00000007
CCP1CON                           00000017
CCP1IE                            00000002
CCP1IF                            00000002
CCP1M0                            00000000
CCP1M1                            00000001
CCP1M2                            00000002
CCP1M3                            00000003
CCP1X                             00000005
CCP1Y                             00000004
CCP2CON                           0000001D
CCP2IE                            00000000
CCP2IF                            00000000
CCP2M0                            00000000
CCP2M1                            00000001
CCP2M2                            00000002
CCP2M3                            00000003
CCP2X                             00000005
CCP2Y                             00000004
CCPR1                             00000015
CCPR1H                            00000016
CCPR1L                            00000015
CCPR2                             0000001B
CCPR2H                            0000001C
CCPR2L                            0000001B
CHS0                              00000003
CHS1                              00000004
CHS2                              00000005
CIS                               00000003
MPASM  5.51                          JEJ2.ASM   4-28-2023  16:41:59         PAGE  7


SYMBOL TABLE
  LABEL                             VALUE 

CKE                               00000006
CKP                               00000004
CM0                               00000000
CM1                               00000001
CM2                               00000002
CMCON                             0000009C
CMIE                              00000006
CMIF                              00000006
CREN                              00000004
CSRC                              00000007
CUARTA                            00000032
CVR0                              00000000
CVR1                              00000001
CVR2                              00000002
CVR3                              00000003
CVRCON                            0000009D
CVREN                             00000007
CVROE                             00000006
CVRR                              00000005
D                                 00000005
DATA_ADDRESS                      00000005
DC                                00000001
D_A                               00000005
D_NOT_A                           00000005
EEADR                             0000010D
EEADRH                            0000010F
EECON1                            0000018C
EECON2                            0000018D
EEDATA                            0000010C
EEDATH                            0000010E
EEIE                              00000004
EEIF                              00000004
EEPGD                             00000007
F                                 00000001
FERR                              00000002
FSR                               00000004
GCEN                              00000007
GIE                               00000007
GIROANTIHORARIO                   0000004B
GIROHORARIO                       0000003F
GO                                00000002
GO_DONE                           00000002
GO_NOT_DONE                       00000002
I2C_DATA                          00000005
I2C_READ                          00000002
I2C_START                         00000003
I2C_STOP                          00000004
IBF                               00000007
IBOV                              00000005
INDF                              00000000
INICIO                            00000005
INTCON                            0000000B
INTE                              00000004
MPASM  5.51                          JEJ2.ASM   4-28-2023  16:41:59         PAGE  8


SYMBOL TABLE
  LABEL                             VALUE 

INTEDG                            00000006
INTF                              00000001
IRP                               00000007
NOT_A                             00000005
NOT_ADDRESS                       00000005
NOT_BO                            00000000
NOT_BOR                           00000000
NOT_DONE                          00000002
NOT_PD                            00000003
NOT_POR                           00000001
NOT_RBPU                          00000007
NOT_RC8                           00000006
NOT_T1SYNC                        00000002
NOT_TO                            00000004
NOT_TX8                           00000006
NOT_W                             00000002
NOT_WRITE                         00000002
OBF                               00000006
OERR                              00000001
OPTION_REG                        00000081
P                                 00000004
PCFG0                             00000000
PCFG1                             00000001
PCFG2                             00000002
PCFG3                             00000003
PCL                               00000002
PCLATH                            0000000A
PCON                              0000008E
PEIE                              00000006
PEN                               00000002
PIE1                              0000008C
PIE2                              0000008D
PIR1                              0000000C
PIR2                              0000000D
PORTA                             00000005
PORTB                             00000006
PORTC                             00000007
PORTD                             00000008
PORTE                             00000009
PR2                               00000092
PRIMERA                           0000001B
PRINCIPAL                         0000000E
PS0                               00000000
PS1                               00000001
PS2                               00000002
PSA                               00000003
PSPIE                             00000007
PSPIF                             00000007
PSPMODE                           00000004
R                                 00000002
RA0                               00000000
RA1                               00000001
RA2                               00000002
MPASM  5.51                          JEJ2.ASM   4-28-2023  16:41:59         PAGE  9


SYMBOL TABLE
  LABEL                             VALUE 

RA3                               00000003
RA4                               00000004
RA5                               00000005
RB0                               00000000
RB1                               00000001
RB2                               00000002
RB3                               00000003
RB4                               00000004
RB5                               00000005
RB6                               00000006
RB7                               00000007
RBIE                              00000003
RBIF                              00000000
RC0                               00000000
RC1                               00000001
RC2                               00000002
RC3                               00000003
RC4                               00000004
RC5                               00000005
RC6                               00000006
RC7                               00000007
RC8_9                             00000006
RC9                               00000006
RCD8                              00000000
RCEN                              00000003
RCIE                              00000005
RCIF                              00000005
RCREG                             0000001A
RCSTA                             00000018
RD                                00000000
RD0                               00000000
RD1                               00000001
RD2                               00000002
RD3                               00000003
RD4                               00000004
RD5                               00000005
RD6                               00000006
RD7                               00000007
RE0                               00000000
RE1                               00000001
RE2                               00000002
READ_WRITE                        00000002
RP0                               00000005
RP1                               00000006
RSEN                              00000001
RX9                               00000006
RX9D                              00000000
R_NOT_W                           00000002
R_W                               00000002
S                                 00000003
SEGUNDA                           00000021
SEN                               00000000
SMP                               00000007
MPASM  5.51                          JEJ2.ASM   4-28-2023  16:41:59         PAGE 10


SYMBOL TABLE
  LABEL                             VALUE 

SPBRG                             00000099
SPEN                              00000007
SREN                              00000005
SSPADD                            00000093
SSPBUF                            00000013
SSPCON                            00000014
SSPCON2                           00000091
SSPEN                             00000005
SSPIE                             00000003
SSPIF                             00000003
SSPM0                             00000000
SSPM1                             00000001
SSPM2                             00000002
SSPM3                             00000003
SSPOV                             00000006
SSPSTAT                           00000094
STATUS                            00000003
SYNC                              00000004
T0CS                              00000005
T0IE                              00000005
T0IF                              00000002
T0SE                              00000004
T1CKPS0                           00000004
T1CKPS1                           00000005
T1CON                             00000010
T1INSYNC                          00000002
T1OSCEN                           00000003
T1SYNC                            00000002
T2CKPS0                           00000000
T2CKPS1                           00000001
T2CON                             00000012
TERCERA                           0000002C
TMR0                              00000001
TMR0IE                            00000005
TMR0IF                            00000002
TMR1                              0000000E
TMR1CS                            00000001
TMR1H                             0000000F
TMR1IE                            00000000
TMR1IF                            00000000
TMR1L                             0000000E
TMR1ON                            00000000
TMR2                              00000011
TMR2IE                            00000001
TMR2IF                            00000001
TMR2ON                            00000002
TOUTPS0                           00000003
TOUTPS1                           00000004
TOUTPS2                           00000005
TOUTPS3                           00000006
TRISA                             00000085
TRISA0                            00000000
TRISA1                            00000001
MPASM  5.51                          JEJ2.ASM   4-28-2023  16:41:59         PAGE 11


SYMBOL TABLE
  LABEL                             VALUE 

TRISA2                            00000002
TRISA3                            00000003
TRISA4                            00000004
TRISA5                            00000005
TRISB                             00000086
TRISB0                            00000000
TRISB1                            00000001
TRISB2                            00000002
TRISB3                            00000003
TRISB4                            00000004
TRISB5                            00000005
TRISB6                            00000006
TRISB7                            00000007
TRISC                             00000087
TRISC0                            00000000
TRISC1                            00000001
TRISC2                            00000002
TRISC3                            00000003
TRISC4                            00000004
TRISC5                            00000005
TRISC6                            00000006
TRISC7                            00000007
TRISD                             00000088
TRISD0                            00000000
TRISD1                            00000001
TRISD2                            00000002
TRISD3                            00000003
TRISD4                            00000004
TRISD5                            00000005
TRISD6                            00000006
TRISD7                            00000007
TRISE                             00000089
TRISE0                            00000000
TRISE1                            00000001
TRISE2                            00000002
TRMT                              00000001
TX8_9                             00000006
TX9                               00000006
TX9D                              00000000
TXD8                              00000000
TXEN                              00000005
TXIE                              00000004
TXIF                              00000004
TXREG                             00000019
TXSTA                             00000098
UA                                00000001
VACIO                             0000003D
W                                 00000000
WCOL                              00000007
WR                                00000001
WREN                              00000002
WRERR                             00000003
Z                                 00000002
MPASM  5.51                          JEJ2.ASM   4-28-2023  16:41:59         PAGE 12


SYMBOL TABLE
  LABEL                             VALUE 

_BODEN_OFF                        00003FBF
_BODEN_ON                         00003FFF
_BOREN_OFF                        00003FBF
_BOREN_ON                         00003FFF
_CONFIG                           00002007
_CPD_OFF                          00003FFF
_CPD_ON                           00003EFF
_CP_ALL                           00001FFF
_CP_OFF                           00003FFF
_CP_ON                            00001FFF
_DEBUG_OFF                        00003FFF
_DEBUG_ON                         000037FF
_DEVID1                           00002006
_FOSC_EXTRC                       00003FFF
_FOSC_HS                          00003FFE
_FOSC_LP                          00003FFC
_FOSC_XT                          00003FFD
_HS_OSC                           00003FFE
_IDLOC0                           00002000
_IDLOC1                           00002001
_IDLOC2                           00002002
_IDLOC3                           00002003
_LP_OSC                           00003FFC
_LVP_OFF                          00003F7F
_LVP_ON                           00003FFF
_PWRTE_OFF                        00003FFF
_PWRTE_ON                         00003FF7
_RC_OSC                           00003FFF
_WDTE_OFF                         00003FFB
_WDTE_ON                          00003FFF
_WDT_OFF                          00003FFB
_WDT_ON                           00003FFF
_WRT_1FOURTH                      00003BFF
_WRT_256                          00003DFF
_WRT_HALF                         000039FF
_WRT_OFF                          00003FFF
_XT_OSC                           00003FFD
__16F877                          00000001
cte1                              000000F0
cte2                              00000012
cte3                              00000060
dos                               0000005B
retardo                           00000057
tres                              00000059
uno                               0000005D
valor1                            00000021
valor2                            00000022
valor3                            00000023
MPASM  5.51                          JEJ2.ASM   4-28-2023  16:41:59         PAGE 13


MEMORY USAGE MAP ('X' = Used,  '-' = Unused)


0000 : X----XXXXXXXXXXX XXXXXXXXXXXXXXXX XXXXXXXXXXXXXXXX XXXXXXXXXXXXXXXX
0040 : XXXXXXXXXXXXXXXX XXXXXXXXXXXXXXXX XXXX------------ ----------------

All other memory blocks unused.

Program Memory Words Used:    96
Program Memory Words Free:  8096


Errors   :     0
Warnings :    80 reported,     0 suppressed
Messages :     7 reported,     0 suppressed

