Warning[205] D:\ESCUELA\SEMESTRE 23-2\LABMICROS\PREVIOS\P5\JEJ2.ASM 1 : Found directive in column 1. (include)
Message[301] C:\PROGRAM FILES (X86)\MICROCHIP\MPASM SUITE\P16F877A.INC 33 : MESSAGE: (Processor-header file mismatch.  Verify selected processor.)
Warning[205] D:\ESCUELA\SEMESTRE 23-2\LABMICROS\PREVIOS\P5\JEJ2.ASM 9 : Found directive in column 1. (ORG)
Warning[203] D:\ESCUELA\SEMESTRE 23-2\LABMICROS\PREVIOS\P5\JEJ2.ASM 10 : Found opcode in column 1. (GOTO)
Warning[205] D:\ESCUELA\SEMESTRE 23-2\LABMICROS\PREVIOS\P5\JEJ2.ASM 11 : Found directive in column 1. (ORG)
Message[302] D:\ESCUELA\SEMESTRE 23-2\LABMICROS\PREVIOS\P5\JEJ2.ASM 18 : Register in operand not in bank 0.  Ensure that bank bits are correct.
Message[302] D:\ESCUELA\SEMESTRE 23-2\LABMICROS\PREVIOS\P5\JEJ2.ASM 20 : Register in operand not in bank 0.  Ensure that bank bits are correct.
Message[302] D:\ESCUELA\SEMESTRE 23-2\LABMICROS\PREVIOS\P5\JEJ2.ASM 22 : Register in operand not in bank 0.  Ensure that bank bits are correct.
Warning[203] D:\ESCUELA\SEMESTRE 23-2\LABMICROS\PREVIOS\P5\JEJ2.ASM 37 : Found opcode in column 1. (CLRF)
Warning[203] D:\ESCUELA\SEMESTRE 23-2\LABMICROS\PREVIOS\P5\JEJ2.ASM 38 : Found opcode in column 1. (GOTO)
Warning[203] D:\ESCUELA\SEMESTRE 23-2\LABMICROS\PREVIOS\P5\JEJ2.ASM 40 : Found opcode in column 1. (CALL)
Warning[203] D:\ESCUELA\SEMESTRE 23-2\LABMICROS\PREVIOS\P5\JEJ2.ASM 41 : Found opcode in column 1. (CALL)
Warning[203] D:\ESCUELA\SEMESTRE 23-2\LABMICROS\PREVIOS\P5\JEJ2.ASM 42 : Found opcode in column 1. (CALL)
Warning[203] D:\ESCUELA\SEMESTRE 23-2\LABMICROS\PREVIOS\P5\JEJ2.ASM 43 : Found opcode in column 1. (CALL)
Warning[203] D:\ESCUELA\SEMESTRE 23-2\LABMICROS\PREVIOS\P5\JEJ2.ASM 44 : Found opcode in column 1. (CALL)
Warning[203] D:\ESCUELA\SEMESTRE 23-2\LABMICROS\PREVIOS\P5\JEJ2.ASM 45 : Found opcode in column 1. (GOTO)
Warning[203] D:\ESCUELA\SEMESTRE 23-2\LABMICROS\PREVIOS\P5\JEJ2.ASM 47 : Found opcode in column 1. (CALL)
Warning[203] D:\ESCUELA\SEMESTRE 23-2\LABMICROS\PREVIOS\P5\JEJ2.ASM 48 : Found opcode in column 1. (CALL)
Warning[203] D:\ESCUELA\SEMESTRE 23-2\LABMICROS\PREVIOS\P5\JEJ2.ASM 49 : Found opcode in column 1. (CALL)
Warning[203] D:\ESCUELA\SEMESTRE 23-2\LABMICROS\PREVIOS\P5\JEJ2.ASM 50 : Found opcode in column 1. (CALL)
Warning[203] D:\ESCUELA\SEMESTRE 23-2\LABMICROS\PREVIOS\P5\JEJ2.ASM 51 : Found opcode in column 1. (CALL)
Warning[203] D:\ESCUELA\SEMESTRE 23-2\LABMICROS\PREVIOS\P5\JEJ2.ASM 52 : Found opcode in column 1. (CALL)
Warning[203] D:\ESCUELA\SEMESTRE 23-2\LABMICROS\PREVIOS\P5\JEJ2.ASM 53 : Found opcode in column 1. (CALL)
Warning[203] D:\ESCUELA\SEMESTRE 23-2\LABMICROS\PREVIOS\P5\JEJ2.ASM 54 : Found opcode in column 1. (CALL)
Warning[203] D:\ESCUELA\SEMESTRE 23-2\LABMICROS\PREVIOS\P5\JEJ2.ASM 55 : Found opcode in column 1. (CALL)
Warning[203] D:\ESCUELA\SEMESTRE 23-2\LABMICROS\PREVIOS\P5\JEJ2.ASM 56 : Found opcode in column 1. (CALL)
Warning[203] D:\ESCUELA\SEMESTRE 23-2\LABMICROS\PREVIOS\P5\JEJ2.ASM 57 : Found opcode in column 1. (GOTO)
Warning[203] D:\ESCUELA\SEMESTRE 23-2\LABMICROS\PREVIOS\P5\JEJ2.ASM 59 : Found opcode in column 1. (CALL)
Warning[203] D:\ESCUELA\SEMESTRE 23-2\LABMICROS\PREVIOS\P5\JEJ2.ASM 60 : Found opcode in column 1. (CALL)
Warning[203] D:\ESCUELA\SEMESTRE 23-2\LABMICROS\PREVIOS\P5\JEJ2.ASM 61 : Found opcode in column 1. (CALL)
Warning[203] D:\ESCUELA\SEMESTRE 23-2\LABMICROS\PREVIOS\P5\JEJ2.ASM 62 : Found opcode in column 1. (CALL)
Warning[203] D:\ESCUELA\SEMESTRE 23-2\LABMICROS\PREVIOS\P5\JEJ2.ASM 63 : Found opcode in column 1. (CALL)
Warning[203] D:\ESCUELA\SEMESTRE 23-2\LABMICROS\PREVIOS\P5\JEJ2.ASM 64 : Found opcode in column 1. (GOTO)
Warning[203] D:\ESCUELA\SEMESTRE 23-2\LABMICROS\PREVIOS\P5\JEJ2.ASM 66 : Found opcode in column 1. (CALL)
Warning[203] D:\ESCUELA\SEMESTRE 23-2\LABMICROS\PREVIOS\P5\JEJ2.ASM 67 : Found opcode in column 1. (CALL)
Warning[203] D:\ESCUELA\SEMESTRE 23-2\LABMICROS\PREVIOS\P5\JEJ2.ASM 68 : Found opcode in column 1. (CALL)
Warning[203] D:\ESCUELA\SEMESTRE 23-2\LABMICROS\PREVIOS\P5\JEJ2.ASM 69 : Found opcode in column 1. (CALL)
Warning[203] D:\ESCUELA\SEMESTRE 23-2\LABMICROS\PREVIOS\P5\JEJ2.ASM 70 : Found opcode in column 1. (CALL)
Warning[203] D:\ESCUELA\SEMESTRE 23-2\LABMICROS\PREVIOS\P5\JEJ2.ASM 71 : Found opcode in column 1. (CALL)
Warning[203] D:\ESCUELA\SEMESTRE 23-2\LABMICROS\PREVIOS\P5\JEJ2.ASM 72 : Found opcode in column 1. (CALL)
Warning[203] D:\ESCUELA\SEMESTRE 23-2\LABMICROS\PREVIOS\P5\JEJ2.ASM 73 : Found opcode in column 1. (CALL)
Warning[203] D:\ESCUELA\SEMESTRE 23-2\LABMICROS\PREVIOS\P5\JEJ2.ASM 74 : Found opcode in column 1. (CALL)
Warning[203] D:\ESCUELA\SEMESTRE 23-2\LABMICROS\PREVIOS\P5\JEJ2.ASM 75 : Found opcode in column 1. (CALL)
Warning[203] D:\ESCUELA\SEMESTRE 23-2\LABMICROS\PREVIOS\P5\JEJ2.ASM 76 : Found opcode in column 1. (GOTO)
Warning[203] D:\ESCUELA\SEMESTRE 23-2\LABMICROS\PREVIOS\P5\JEJ2.ASM 78 : Found opcode in column 1. (CLRF)
Warning[203] D:\ESCUELA\SEMESTRE 23-2\LABMICROS\PREVIOS\P5\JEJ2.ASM 79 : Found opcode in column 1. (GOTO)
Warning[203] D:\ESCUELA\SEMESTRE 23-2\LABMICROS\PREVIOS\P5\JEJ2.ASM 81 : Found opcode in column 1. (MOVLW)
Warning[203] D:\ESCUELA\SEMESTRE 23-2\LABMICROS\PREVIOS\P5\JEJ2.ASM 82 : Found opcode in column 1. (MOVWF)
Warning[203] D:\ESCUELA\SEMESTRE 23-2\LABMICROS\PREVIOS\P5\JEJ2.ASM 83 : Found opcode in column 1. (CALL)
Warning[203] D:\ESCUELA\SEMESTRE 23-2\LABMICROS\PREVIOS\P5\JEJ2.ASM 84 : Found opcode in column 1. (MOVLW)
Warning[203] D:\ESCUELA\SEMESTRE 23-2\LABMICROS\PREVIOS\P5\JEJ2.ASM 85 : Found opcode in column 1. (MOVWF)
Warning[203] D:\ESCUELA\SEMESTRE 23-2\LABMICROS\PREVIOS\P5\JEJ2.ASM 86 : Found opcode in column 1. (CALL)
Warning[203] D:\ESCUELA\SEMESTRE 23-2\LABMICROS\PREVIOS\P5\JEJ2.ASM 87 : Found opcode in column 1. (MOVLW)
Warning[203] D:\ESCUELA\SEMESTRE 23-2\LABMICROS\PREVIOS\P5\JEJ2.ASM 88 : Found opcode in column 1. (MOVWF)
Warning[203] D:\ESCUELA\SEMESTRE 23-2\LABMICROS\PREVIOS\P5\JEJ2.ASM 89 : Found opcode in column 1. (CALL)
Warning[203] D:\ESCUELA\SEMESTRE 23-2\LABMICROS\PREVIOS\P5\JEJ2.ASM 90 : Found opcode in column 1. (MOVLW)
Warning[203] D:\ESCUELA\SEMESTRE 23-2\LABMICROS\PREVIOS\P5\JEJ2.ASM 91 : Found opcode in column 1. (MOVWF)
Warning[203] D:\ESCUELA\SEMESTRE 23-2\LABMICROS\PREVIOS\P5\JEJ2.ASM 92 : Found opcode in column 1. (CALL)
Warning[203] D:\ESCUELA\SEMESTRE 23-2\LABMICROS\PREVIOS\P5\JEJ2.ASM 94 : Found opcode in column 1. (MOVLW)
Warning[203] D:\ESCUELA\SEMESTRE 23-2\LABMICROS\PREVIOS\P5\JEJ2.ASM 95 : Found opcode in column 1. (MOVWF)
Warning[203] D:\ESCUELA\SEMESTRE 23-2\LABMICROS\PREVIOS\P5\JEJ2.ASM 96 : Found opcode in column 1. (CALL)
Warning[203] D:\ESCUELA\SEMESTRE 23-2\LABMICROS\PREVIOS\P5\JEJ2.ASM 97 : Found opcode in column 1. (MOVLW)
Warning[203] D:\ESCUELA\SEMESTRE 23-2\LABMICROS\PREVIOS\P5\JEJ2.ASM 98 : Found opcode in column 1. (MOVWF)
Warning[203] D:\ESCUELA\SEMESTRE 23-2\LABMICROS\PREVIOS\P5\JEJ2.ASM 99 : Found opcode in column 1. (CALL)
Warning[203] D:\ESCUELA\SEMESTRE 23-2\LABMICROS\PREVIOS\P5\JEJ2.ASM 100 : Found opcode in column 1. (MOVLW)
Warning[203] D:\ESCUELA\SEMESTRE 23-2\LABMICROS\PREVIOS\P5\JEJ2.ASM 101 : Found opcode in column 1. (MOVWF)
Warning[203] D:\ESCUELA\SEMESTRE 23-2\LABMICROS\PREVIOS\P5\JEJ2.ASM 102 : Found opcode in column 1. (CALL)
Warning[203] D:\ESCUELA\SEMESTRE 23-2\LABMICROS\PREVIOS\P5\JEJ2.ASM 103 : Found opcode in column 1. (MOVLW)
Warning[203] D:\ESCUELA\SEMESTRE 23-2\LABMICROS\PREVIOS\P5\JEJ2.ASM 104 : Found opcode in column 1. (MOVWF)
Warning[203] D:\ESCUELA\SEMESTRE 23-2\LABMICROS\PREVIOS\P5\JEJ2.ASM 105 : Found opcode in column 1. (CALL)
Warning[203] D:\ESCUELA\SEMESTRE 23-2\LABMICROS\PREVIOS\P5\JEJ2.ASM 107 : Found opcode in column 1. (MOVLW)
Warning[203] D:\ESCUELA\SEMESTRE 23-2\LABMICROS\PREVIOS\P5\JEJ2.ASM 108 : Found opcode in column 1. (MOVWF)
Warning[203] D:\ESCUELA\SEMESTRE 23-2\LABMICROS\PREVIOS\P5\JEJ2.ASM 110 : Found opcode in column 1. (MOVLW)
Warning[203] D:\ESCUELA\SEMESTRE 23-2\LABMICROS\PREVIOS\P5\JEJ2.ASM 111 : Found opcode in column 1. (MOVWF)
Warning[203] D:\ESCUELA\SEMESTRE 23-2\LABMICROS\PREVIOS\P5\JEJ2.ASM 113 : Found opcode in column 1. (MOVLW)
Warning[203] D:\ESCUELA\SEMESTRE 23-2\LABMICROS\PREVIOS\P5\JEJ2.ASM 114 : Found opcode in column 1. (MOVWF)
Warning[203] D:\ESCUELA\SEMESTRE 23-2\LABMICROS\PREVIOS\P5\JEJ2.ASM 116 : Found opcode in column 1. (DECFSZ)
Message[305] D:\ESCUELA\SEMESTRE 23-2\LABMICROS\PREVIOS\P5\JEJ2.ASM 116 : Using default destination of 1 (file).
Warning[203] D:\ESCUELA\SEMESTRE 23-2\LABMICROS\PREVIOS\P5\JEJ2.ASM 117 : Found opcode in column 1. (GOTO)
Warning[203] D:\ESCUELA\SEMESTRE 23-2\LABMICROS\PREVIOS\P5\JEJ2.ASM 118 : Found opcode in column 1. (DECFSZ)
Message[305] D:\ESCUELA\SEMESTRE 23-2\LABMICROS\PREVIOS\P5\JEJ2.ASM 118 : Using default destination of 1 (file).
Warning[203] D:\ESCUELA\SEMESTRE 23-2\LABMICROS\PREVIOS\P5\JEJ2.ASM 119 : Found opcode in column 1. (GOTO)
Warning[203] D:\ESCUELA\SEMESTRE 23-2\LABMICROS\PREVIOS\P5\JEJ2.ASM 120 : Found opcode in column 1. (DECFSZ)
Message[305] D:\ESCUELA\SEMESTRE 23-2\LABMICROS\PREVIOS\P5\JEJ2.ASM 120 : Using default destination of 1 (file).
Warning[203] D:\ESCUELA\SEMESTRE 23-2\LABMICROS\PREVIOS\P5\JEJ2.ASM 121 : Found opcode in column 1. (GOTO)
Warning[203] D:\ESCUELA\SEMESTRE 23-2\LABMICROS\PREVIOS\P5\JEJ2.ASM 122 : Found opcode in column 1. (RETURN)
Warning[205] D:\ESCUELA\SEMESTRE 23-2\LABMICROS\PREVIOS\P5\JEJ2.ASM 123 : Found directive in column 1. (END)
