  Final.cpp
D:\Escuela\Semestre 23-1\LabCG\Practica 1\LCG_Arriaga\LCG_Arriaga\include\shader_m.h(44,40): warning C4101: 'e': variable local sin referencia
D:\Escuela\Semestre 23-1\LabCG\Practica 1\LCG_Arriaga\LCG_Arriaga\include\modelAnim.h(104,44): warning C4244: '=': conversión de 'double' a 'float'; posible pérdida de datos
D:\Escuela\Semestre 23-1\LabCG\Practica 1\LCG_Arriaga\LCG_Arriaga\include\modelAnim.h(520,24): warning C4244: 'inicializando': conversión de 'double' a 'float'; posible pérdida de datos
D:\Escuela\Semestre 23-1\LabCG\Practica 1\LCG_Arriaga\LCG_Arriaga\Final.cpp(226,19): warning C4305: '+=': truncamiento de 'double' a 'float'
D:\Escuela\Semestre 23-1\LabCG\Practica 1\LCG_Arriaga\LCG_Arriaga\Final.cpp(397,21): warning C4305: '-=': truncamiento de 'double' a 'float'
D:\Escuela\Semestre 23-1\LabCG\Practica 1\LCG_Arriaga\LCG_Arriaga\Final.cpp(409,20): warning C4305: '=': truncamiento de 'double' a 'float'
D:\Escuela\Semestre 23-1\LabCG\Practica 1\LCG_Arriaga\LCG_Arriaga\Final.cpp(416,21): warning C4305: '+=': truncamiento de 'double' a 'float'
D:\Escuela\Semestre 23-1\LabCG\Practica 1\LCG_Arriaga\LCG_Arriaga\Final.cpp(890,11): warning C4244: '=': conversión de 'double' a 'float'; posible pérdida de datos
D:\Escuela\Semestre 23-1\LabCG\Practica 1\LCG_Arriaga\LCG_Arriaga\Final.cpp(891,11): warning C4244: '=': conversión de 'double' a 'float'; posible pérdida de datos
D:\Escuela\Semestre 23-1\LabCG\Practica 1\LCG_Arriaga\LCG_Arriaga\Final.cpp(895,16): warning C4244: 'inicializando': conversión de 'double' a 'float'; posible pérdida de datos
D:\Escuela\Semestre 23-1\LabCG\Practica 1\LCG_Arriaga\LCG_Arriaga\Final.cpp(896,16): warning C4244: 'inicializando': conversión de 'double' a 'float'; posible pérdida de datos
D:\Escuela\Semestre 23-1\LabCG\Practica 1\LCG_Arriaga\LCG_Arriaga\Final.cpp(898,10): warning C4244: '=': conversión de 'double' a 'float'; posible pérdida de datos
D:\Escuela\Semestre 23-1\LabCG\Practica 1\LCG_Arriaga\LCG_Arriaga\Final.cpp(899,10): warning C4244: '=': conversión de 'double' a 'float'; posible pérdida de datos
D:\Escuela\Semestre 23-1\LabCG\Practica 1\LCG_Arriaga\LCG_Arriaga\Final.cpp(907,28): warning C4244: 'argumento': conversión de 'double' a 'float'; posible pérdida de datos
glfw3.lib(context.obj) : warning LNK4099: no se encontró PDB '' con 'glfw3.lib(context.obj)' o en ''; se vinculará el objeto sin tener en cuenta información de depuración
glfw3.lib(init.obj) : warning LNK4099: no se encontró PDB 'glfw.pdb' con 'glfw3.lib(init.obj)' o en 'D:\Escuela\Semestre 23-1\LabCG\Practica 1\LCG_Arriaga\Debug\glfw.pdb'; se vinculará el objeto sin tener en cuenta información de depuración
glfw3.lib(input.obj) : warning LNK4099: no se encontró PDB 'glfw.pdb' con 'glfw3.lib(input.obj)' o en 'D:\Escuela\Semestre 23-1\LabCG\Practica 1\LCG_Arriaga\Debug\glfw.pdb'; se vinculará el objeto sin tener en cuenta información de depuración
glfw3.lib(monitor.obj) : warning LNK4099: no se encontró PDB 'glfw.pdb' con 'glfw3.lib(monitor.obj)' o en 'D:\Escuela\Semestre 23-1\LabCG\Practica 1\LCG_Arriaga\Debug\glfw.pdb'; se vinculará el objeto sin tener en cuenta información de depuración
glfw3.lib(vulkan.obj) : warning LNK4099: no se encontró PDB 'glfw.pdb' con 'glfw3.lib(vulkan.obj)' o en 'D:\Escuela\Semestre 23-1\LabCG\Practica 1\LCG_Arriaga\Debug\glfw.pdb'; se vinculará el objeto sin tener en cuenta información de depuración
glfw3.lib(window.obj) : warning LNK4099: no se encontró PDB 'glfw.pdb' con 'glfw3.lib(window.obj)' o en 'D:\Escuela\Semestre 23-1\LabCG\Practica 1\LCG_Arriaga\Debug\glfw.pdb'; se vinculará el objeto sin tener en cuenta información de depuración
glfw3.lib(win32_init.obj) : warning LNK4099: no se encontró PDB 'glfw.pdb' con 'glfw3.lib(win32_init.obj)' o en 'D:\Escuela\Semestre 23-1\LabCG\Practica 1\LCG_Arriaga\Debug\glfw.pdb'; se vinculará el objeto sin tener en cuenta información de depuración
glfw3.lib(win32_joystick.obj) : warning LNK4099: no se encontró PDB 'glfw.pdb' con 'glfw3.lib(win32_joystick.obj)' o en 'D:\Escuela\Semestre 23-1\LabCG\Practica 1\LCG_Arriaga\Debug\glfw.pdb'; se vinculará el objeto sin tener en cuenta información de depuración
glfw3.lib(win32_monitor.obj) : warning LNK4099: no se encontró PDB 'glfw.pdb' con 'glfw3.lib(win32_monitor.obj)' o en 'D:\Escuela\Semestre 23-1\LabCG\Practica 1\LCG_Arriaga\Debug\glfw.pdb'; se vinculará el objeto sin tener en cuenta información de depuración
glfw3.lib(win32_time.obj) : warning LNK4099: no se encontró PDB 'glfw.pdb' con 'glfw3.lib(win32_time.obj)' o en 'D:\Escuela\Semestre 23-1\LabCG\Practica 1\LCG_Arriaga\Debug\glfw.pdb'; se vinculará el objeto sin tener en cuenta información de depuración
glfw3.lib(win32_thread.obj) : warning LNK4099: no se encontró PDB 'glfw.pdb' con 'glfw3.lib(win32_thread.obj)' o en 'D:\Escuela\Semestre 23-1\LabCG\Practica 1\LCG_Arriaga\Debug\glfw.pdb'; se vinculará el objeto sin tener en cuenta información de depuración
glfw3.lib(win32_window.obj) : warning LNK4099: no se encontró PDB 'glfw.pdb' con 'glfw3.lib(win32_window.obj)' o en 'D:\Escuela\Semestre 23-1\LabCG\Practica 1\LCG_Arriaga\Debug\glfw.pdb'; se vinculará el objeto sin tener en cuenta información de depuración
glfw3.lib(wgl_context.obj) : warning LNK4099: no se encontró PDB 'glfw.pdb' con 'glfw3.lib(wgl_context.obj)' o en 'D:\Escuela\Semestre 23-1\LabCG\Practica 1\LCG_Arriaga\Debug\glfw.pdb'; se vinculará el objeto sin tener en cuenta información de depuración
glfw3.lib(egl_context.obj) : warning LNK4099: no se encontró PDB 'glfw.pdb' con 'glfw3.lib(egl_context.obj)' o en 'D:\Escuela\Semestre 23-1\LabCG\Practica 1\LCG_Arriaga\Debug\glfw.pdb'; se vinculará el objeto sin tener en cuenta información de depuración
glfw3.lib(osmesa_context.obj) : warning LNK4099: no se encontró PDB 'glfw.pdb' con 'glfw3.lib(osmesa_context.obj)' o en 'D:\Escuela\Semestre 23-1\LabCG\Practica 1\LCG_Arriaga\Debug\glfw.pdb'; se vinculará el objeto sin tener en cuenta información de depuración
  LCG_Arriaga.vcxproj -> D:\Escuela\Semestre 23-1\LabCG\Practica 1\LCG_Arriaga\Debug\LCG_Arriaga.exe
