
ROM used:   375/8192 (5%)
            375/8192 (5%) including unused fragments

            0.3 Average locations per line
            4.1 Average locations per statement

RAM used:   8/368 (2%) at main() level
            20/368 (5%) worst case

Stack used: 5 worst case (5 in main + 0 for interrupts)
Stack size: 8

Lines Stmts  %   Files
----- ----- ---  -----
   17     8   9  EJ5.c
  664     0   0  C:\Program Files (x86)\PICC\Devices\16f877.h
  456    84  91  C:\Program Files (x86)\PICC\Drivers\lcd.c
----- -----
 1137    92 Total

Page ROM  %  RAM    Vol Diff  Functions:
---- --- --- ---    --- ----  ----------
0     20   5    1             @delay_ms1
 Inline         3    596  5.9  lcd_read_byte
0      6   2    0     59  4.2  lcd_read_nibble
0     15   4    1    179  3.3  lcd_send_nibble
0     66  18    3    460  4.7  lcd_send_byte
0     62  17    6    814  7.2  lcd_init
0     18   5    4    208  6.3  lcd_gotoxy
0     44  12    1    354  4.7  lcd_putc
0     45  12    1    170  2.1  MAIN
0      5   1    0             @const704
0     86  23    4             @PSTRINGC7_689
0      4   1    0             @const709
 Inline         0             @cinit1

Program metrics:
    Functions               8
    Statements              92
    Comments                223
    Volume (V)              4305
    Difficulty (D)          36.8
    Effort to implement (E) 158650
    Time to implement (T)   2 hours, 27 minutes
    Est Delivered Bugs (B)  1
    Cyclomatic Complexity   8
    Maintainability (MI)    146

 Segment     Used  Free
-----------  ----  ----
00000-00003     4  0  
00004-007FF   371  1673  
00800-00FFF     0  2048  
01000-017FF     0  2048  
01800-01FFF     0  2048  



